0:0:0:0:0:0:0:1 - - [09/jan/2017:18:44:48 +0100] "GET / HTTP/1.1" 302 93 "-" "Mozilla/5.0 (Macintosh; Intel Mac OS X 10.12; rv:50.0) Gecko/20100101 Firefox/50.0" "AVmEVR/zmbXPjSpFAAAA"
0:0:0:0:0:0:0:1 - - [09/jan/2017:18:44:48 +0100] "GET /about HTTP/1.1" 200 4199 "-" "Mozilla/5.0 (Macintosh; Intel Mac OS X 10.12; rv:50.0) Gecko/20100101 Firefox/50.0" "AVmEVR/zmbXPjSpFAAAB"
0:0:0:0:0:0:0:1 - - [09/jan/2017:18:44:48 +0100] "GET /css/sonar.css?v=6.2 HTTP/1.1" 200 - "http://localhost:9000/about" "Mozilla/5.0 (Macintosh; Intel Mac OS X 10.12; rv:50.0) Gecko/20100101 Firefox/50.0" "AVmEVR/zmbXPjSpFAAAC"
0:0:0:0:0:0:0:1 - - [09/jan/2017:18:44:48 +0100] "GET /js/bundles/sonar.js?v=6.2 HTTP/1.1" 200 - "http://localhost:9000/about" "Mozilla/5.0 (Macintosh; Intel Mac OS X 10.12; rv:50.0) Gecko/20100101 Firefox/50.0" "AVmEVR/zmbXPjSpFAAAE"
0:0:0:0:0:0:0:1 - - [09/jan/2017:18:44:48 +0100] "GET /js/bundles/app.js?v=6.2 HTTP/1.1" 200 - "http://localhost:9000/about" "Mozilla/5.0 (Macintosh; Intel Mac OS X 10.12; rv:50.0) Gecko/20100101 Firefox/50.0" "AVmEVR/zmbXPjSpFAAAF"
0:0:0:0:0:0:0:1 - - [09/jan/2017:18:44:48 +0100] "GET /images/favicon.ico?1481637976 HTTP/1.1" 200 5430 "-" "Mozilla/5.0 (Macintosh; Intel Mac OS X 10.12; rv:50.0) Gecko/20100101 Firefox/50.0" "AVmEVR/zmbXPjSpFAAAH"
0:0:0:0:0:0:0:1 - - [09/jan/2017:18:44:48 +0100] "GET /js/bundles/main.js?v=6.2 HTTP/1.1" 200 - "http://localhost:9000/about" "Mozilla/5.0 (Macintosh; Intel Mac OS X 10.12; rv:50.0) Gecko/20100101 Firefox/50.0" "AVmEVR/zmbXPjSpFAAAG"
0:0:0:0:0:0:0:1 - - [09/jan/2017:18:44:48 +0100] "GET /js/bundles/vendor.js?v=6.2 HTTP/1.1" 200 - "http://localhost:9000/about" "Mozilla/5.0 (Macintosh; Intel Mac OS X 10.12; rv:50.0) Gecko/20100101 Firefox/50.0" "AVmEVR/zmbXPjSpFAAAD"
0:0:0:0:0:0:0:1 - - [09/jan/2017:18:44:49 +0100] "GET /api/l10n/index?locale=nl HTTP/1.1" 200 - "http://localhost:9000/about" "Mozilla/5.0 (Macintosh; Intel Mac OS X 10.12; rv:50.0) Gecko/20100101 Firefox/50.0" "AVmEVR/zmbXPjSpFAAAI"
0:0:0:0:0:0:0:1 - - [09/jan/2017:18:44:49 +0100] "GET /api/navigation/global HTTP/1.1" 200 39 "http://localhost:9000/about" "Mozilla/5.0 (Macintosh; Intel Mac OS X 10.12; rv:50.0) Gecko/20100101 Firefox/50.0" "AVmEVR/zmbXPjSpFAAAJ"
0:0:0:0:0:0:0:1 - - [09/jan/2017:18:44:49 +0100] "GET /images/logo.svg HTTP/1.1" 200 5848 "http://localhost:9000/about" "Mozilla/5.0 (Macintosh; Intel Mac OS X 10.12; rv:50.0) Gecko/20100101 Firefox/50.0" "AVmEVR/zmbXPjSpFAAAK"
0:0:0:0:0:0:0:1 - - [09/jan/2017:18:44:49 +0100] "GET /api/languages/list HTTP/1.1" 200 102 "http://localhost:9000/about" "Mozilla/5.0 (Macintosh; Intel Mac OS X 10.12; rv:50.0) Gecko/20100101 Firefox/50.0" "AVmEVR/zmbXPjSpFAAAO"
0:0:0:0:0:0:0:1 - - [09/jan/2017:18:44:49 +0100] "GET /api/users/current HTTP/1.1" 200 98 "http://localhost:9000/about" "Mozilla/5.0 (Macintosh; Intel Mac OS X 10.12; rv:50.0) Gecko/20100101 Firefox/50.0" "AVmEVR/zmbXPjSpFAAAN"
0:0:0:0:0:0:0:1 - - [09/jan/2017:18:44:49 +0100] "GET /fonts/sonar-5.2.woff? HTTP/1.1" 200 17904 "http://localhost:9000/css/sonar.css?v=6.2" "Mozilla/5.0 (Macintosh; Intel Mac OS X 10.12; rv:50.0) Gecko/20100101 Firefox/50.0" "AVmEVR/zmbXPjSpFAAAP"
0:0:0:0:0:0:0:1 - - [09/jan/2017:18:44:49 +0100] "GET /api/components/search_projects?ps=1 HTTP/1.1" 200 77 "http://localhost:9000/about" "Mozilla/5.0 (Macintosh; Intel Mac OS X 10.12; rv:50.0) Gecko/20100101 Firefox/50.0" "AVmEVR/zmbXPjSpFAAAL"
0:0:0:0:0:0:0:1 - - [09/jan/2017:18:44:49 +0100] "GET /api/issues/search?resolved=false&facets=types&ps=1&additionalFields=_all HTTP/1.1" 200 355 "http://localhost:9000/about" "Mozilla/5.0 (Macintosh; Intel Mac OS X 10.12; rv:50.0) Gecko/20100101 Firefox/50.0" "AVmEVR/zmbXPjSpFAAAM"
0:0:0:0:0:0:0:1 - - [09/jan/2017:18:44:49 +0100] "GET /images/scanner-logos/msbuild.svg HTTP/1.1" 200 722 "http://localhost:9000/about" "Mozilla/5.0 (Macintosh; Intel Mac OS X 10.12; rv:50.0) Gecko/20100101 Firefox/50.0" "AVmEVR/zmbXPjSpFAAAR"
0:0:0:0:0:0:0:1 - - [09/jan/2017:18:44:49 +0100] "GET /images/scanner-logos/sonarqube.svg HTTP/1.1" 200 3560 "http://localhost:9000/about" "Mozilla/5.0 (Macintosh; Intel Mac OS X 10.12; rv:50.0) Gecko/20100101 Firefox/50.0" "AVmEVR/zmbXPjSpFAAAQ"
0:0:0:0:0:0:0:1 - - [09/jan/2017:18:44:49 +0100] "GET /images/scanner-logos/maven.svg HTTP/1.1" 200 2234 "http://localhost:9000/about" "Mozilla/5.0 (Macintosh; Intel Mac OS X 10.12; rv:50.0) Gecko/20100101 Firefox/50.0" "AVmEVR/zmbXPjSpFAAAS"
0:0:0:0:0:0:0:1 - - [09/jan/2017:18:44:49 +0100] "GET /images/scanner-logos/gradle.svg HTTP/1.1" 200 3708 "http://localhost:9000/about" "Mozilla/5.0 (Macintosh; Intel Mac OS X 10.12; rv:50.0) Gecko/20100101 Firefox/50.0" "AVmEVR/zmbXPjSpFAAAT"
0:0:0:0:0:0:0:1 - - [09/jan/2017:18:44:49 +0100] "GET /images/scanner-logos/jenkins.svg HTTP/1.1" 200 14902 "http://localhost:9000/about" "Mozilla/5.0 (Macintosh; Intel Mac OS X 10.12; rv:50.0) Gecko/20100101 Firefox/50.0" "AVmEVR/zmbXPjSpFAAAU"
0:0:0:0:0:0:0:1 - - [09/jan/2017:18:44:49 +0100] "GET /images/scanner-logos/ant.svg HTTP/1.1" 200 9688 "http://localhost:9000/about" "Mozilla/5.0 (Macintosh; Intel Mac OS X 10.12; rv:50.0) Gecko/20100101 Firefox/50.0" "AVmEVR/zmbXPjSpFAAAV"
0:0:0:0:0:0:0:1 - - [09/jan/2017:18:48:17 +0100] "GET /dashboard?id=%22$%7BPWD%23%23*/%7D%22 HTTP/1.1" 404 1039 "-" "Mozilla/5.0 (Macintosh; Intel Mac OS X 10.12; rv:50.0) Gecko/20100101 Firefox/50.0" "AVmEVR/zmbXPjSpFAAAW"
0:0:0:0:0:0:0:1 - - [09/jan/2017:18:48:17 +0100] "GET /favicon.ico HTTP/1.1" 404 1039 "-" "Mozilla/5.0 (Macintosh; Intel Mac OS X 10.12; rv:50.0) Gecko/20100101 Firefox/50.0" "AVmEVR/zmbXPjSpFAAAX"
0:0:0:0:0:0:0:1 - - [09/jan/2017:18:48:17 +0100] "GET /favicon.ico HTTP/1.1" 404 1039 "-" "Mozilla/5.0 (Macintosh; Intel Mac OS X 10.12; rv:50.0) Gecko/20100101 Firefox/50.0" "AVmEVR/zmbXPjSpFAAAY"
0:0:0:0:0:0:0:1 - - [09/jan/2017:18:48:56 +0100] "GET /dashboard?id=Game1 HTTP/1.1" 404 1039 "-" "Mozilla/5.0 (Macintosh; Intel Mac OS X 10.12; rv:50.0) Gecko/20100101 Firefox/50.0" "AVmEVR/zmbXPjSpFAAAZ"
127.0.0.1 - - [09/jan/2017:18:49:36 +0100] "GET /batch_bootstrap/index HTTP/1.1" 302 - "-" "SonarQubeScanner/2.8" "AVmEVR/zmbXPjSpFAAAa"
127.0.0.1 - - [09/jan/2017:18:49:36 +0100] "GET /batch/index HTTP/1.1" 200 - "-" "SonarQubeScanner/2.8" "AVmEVR/zmbXPjSpFAAAb"
127.0.0.1 - - [09/jan/2017:18:49:36 +0100] "GET /batch/sonar-scanner-engine-shaded-6.2.jar HTTP/1.1" 302 - "-" "SonarQubeScanner/2.8" "AVmEVR/zmbXPjSpFAAAc"
127.0.0.1 - - [09/jan/2017:18:49:36 +0100] "GET /batch/file?name=sonar-scanner-engine-shaded-6.2.jar HTTP/1.1" 200 - "-" "SonarQubeScanner/2.8" "AVmEVR/zmbXPjSpFAAAd"
127.0.0.1 - - [09/jan/2017:18:49:42 +0100] "GET /batch/global HTTP/1.1" 200 - "-" "null/null" "AVmEVR/zmbXPjSpFAAAe"
127.0.0.1 - - [09/jan/2017:18:49:42 +0100] "GET /deploy/plugins/index.txt HTTP/1.1" 200 395 "-" "null/null" "-"
127.0.0.1 - - [09/jan/2017:18:49:42 +0100] "GET /deploy/plugins/csharp/sonar-csharp-plugin-5.5.1.522.jar HTTP/1.1" 200 10883208 "-" "null/null" "-"
127.0.0.1 - - [09/jan/2017:18:49:42 +0100] "GET /deploy/plugins/java/sonar-java-plugin-4.3.0.7717.jar HTTP/1.1" 200 5960224 "-" "null/null" "-"
127.0.0.1 - - [09/jan/2017:18:49:43 +0100] "GET /deploy/plugins/scmgit/sonar-scm-git-plugin-1.2.jar HTTP/1.1" 200 3233128 "-" "null/null" "-"
127.0.0.1 - - [09/jan/2017:18:49:43 +0100] "GET /deploy/plugins/scmsvn/sonar-scm-svn-plugin-1.3.jar HTTP/1.1" 200 6564535 "-" "null/null" "-"
127.0.0.1 - - [09/jan/2017:18:49:43 +0100] "GET /deploy/plugins/javascript/sonar-javascript-plugin-2.18.0.3454.jar HTTP/1.1" 200 2981258 "-" "null/null" "-"
127.0.0.1 - - [09/jan/2017:18:49:48 +0100] "GET /batch/project.protobuf?key=Game1 HTTP/1.1" 404 70 "-" "null/null" "AVmEVR/zmbXPjSpFAAAf"
127.0.0.1 - - [09/jan/2017:18:49:48 +0100] "GET /api/qualityprofiles/search.protobuf?defaults=true HTTP/1.1" 200 240 "-" "null/null" "AVmEVR/zmbXPjSpFAAAg"
127.0.0.1 - - [09/jan/2017:18:49:49 +0100] "GET /api/rules/search.protobuf?f=repo,name,severity,lang,internalKey,templateKey,params,actives&activation=true&qprofile=cs-sonar-way-85654&p=1&ps=500 HTTP/1.1" 200 - "-" "null/null" "AVmEVR/zmbXPjSpFAAAh"
127.0.0.1 - - [09/jan/2017:18:49:49 +0100] "GET /api/rules/search.protobuf?f=repo,name,severity,lang,internalKey,templateKey,params,actives&activation=true&qprofile=java-sonar-way-14682&p=1&ps=500 HTTP/1.1" 200 - "-" "null/null" "AVmEVR/zmbXPjSpFAAAi"
127.0.0.1 - - [09/jan/2017:18:49:49 +0100] "GET /api/rules/search.protobuf?f=repo,name,severity,lang,internalKey,templateKey,params,actives&activation=true&qprofile=js-sonar-way-99213&p=1&ps=500 HTTP/1.1" 200 - "-" "null/null" "AVmEVR/zmbXPjSpFAAAj"
127.0.0.1 - - [09/jan/2017:18:49:49 +0100] "GET /api/rules/list.protobuf HTTP/1.1" 200 - "-" "null/null" "AVmEVR/zmbXPjSpFAAAk"
127.0.0.1 - - [09/jan/2017:18:49:53 +0100] "POST /api/ce/submit?projectKey=Game1 HTTP/1.1" 200 44 "-" "null/null" "AVmEVR/zmbXPjSpFAAAl"
0:0:0:0:0:0:0:1 - - [09/jan/2017:18:49:59 +0100] "GET /dashboard?id=Game1 HTTP/1.1" 200 4808 "-" "Mozilla/5.0 (Macintosh; Intel Mac OS X 10.12; rv:50.0) Gecko/20100101 Firefox/50.0" "AVmEVR/zmbXPjSpFAAAm"
0:0:0:0:0:0:0:1 - - [09/jan/2017:18:49:59 +0100] "GET /js/bundles/overview.js?v=6.2 HTTP/1.1" 200 - "http://localhost:9000/dashboard?id=Game1" "Mozilla/5.0 (Macintosh; Intel Mac OS X 10.12; rv:50.0) Gecko/20100101 Firefox/50.0" "AVmEVR/zmbXPjSpFAAAn"
0:0:0:0:0:0:0:1 - - [09/jan/2017:18:49:59 +0100] "GET /api/l10n/index?locale=nl&ts=2017-01-09T18%3A44%3A49%2B0100 HTTP/1.1" 304 - "http://localhost:9000/dashboard?id=Game1" "Mozilla/5.0 (Macintosh; Intel Mac OS X 10.12; rv:50.0) Gecko/20100101 Firefox/50.0" "AVmEVR/zmbXPjSpFAAAo"
0:0:0:0:0:0:0:1 - - [09/jan/2017:18:49:59 +0100] "GET /api/navigation/global HTTP/1.1" 200 39 "http://localhost:9000/dashboard?id=Game1" "Mozilla/5.0 (Macintosh; Intel Mac OS X 10.12; rv:50.0) Gecko/20100101 Firefox/50.0" "AVmEVR/zmbXPjSpFAAAp"
0:0:0:0:0:0:0:1 - - [09/jan/2017:18:49:59 +0100] "GET /api/navigation/component?componentKey=Game1 HTTP/1.1" 200 260 "http://localhost:9000/dashboard?id=Game1" "Mozilla/5.0 (Macintosh; Intel Mac OS X 10.12; rv:50.0) Gecko/20100101 Firefox/50.0" "AVmEVR/zmbXPjSpFAAAq"
0:0:0:0:0:0:0:1 - - [09/jan/2017:18:49:59 +0100] "GET /api/ce/component?componentId=AVmEWcfe-KLmNRwKb4-K HTTP/1.1" 200 415 "http://localhost:9000/dashboard?id=Game1" "Mozilla/5.0 (Macintosh; Intel Mac OS X 10.12; rv:50.0) Gecko/20100101 Firefox/50.0" "AVmEVR/zmbXPjSpFAAAr"
0:0:0:0:0:0:0:1 - - [09/jan/2017:18:49:59 +0100] "GET /api/measures/component?additionalFields=metrics%2Cperiods&componentKey=Game1&metricKeys=alert_status%2Cquality_gate_details%2Cbugs%2Cnew_bugs%2Creliability_rating%2Cvulnerabilities%2Cnew_vulnerabilities%2Csecurity_rating%2Ccode_smells%2Cnew_code_smells%2Csqale_rating%2Csqale_index%2Cnew_technical_debt%2Ccoverage%2Cnew_coverage%2Cnew_lines_to_cover%2Ctests%2Cduplicated_lines_density%2Cnew_duplicated_lines_density%2Cduplicated_blocks%2Cncloc%2Cncloc_language_distribution%2Cnew_lines HTTP/1.1" 200 - "http://localhost:9000/dashboard?id=Game1" "Mozilla/5.0 (Macintosh; Intel Mac OS X 10.12; rv:50.0) Gecko/20100101 Firefox/50.0" "AVmEVR/zmbXPjSpFAAAs"
0:0:0:0:0:0:0:1 - - [09/jan/2017:18:50:00 +0100] "GET /api/languages/list HTTP/1.1" 200 102 "http://localhost:9000/dashboard?id=Game1" "Mozilla/5.0 (Macintosh; Intel Mac OS X 10.12; rv:50.0) Gecko/20100101 Firefox/50.0" "AVmEVR/zmbXPjSpFAAAt"
0:0:0:0:0:0:0:1 - - [09/jan/2017:18:50:00 +0100] "GET /api/rules/search?qprofile=java-sonar-way-14682&activation=true&statuses=DEPRECATED&ps=1 HTTP/1.1" 200 35 "http://localhost:9000/dashboard?id=Game1" "Mozilla/5.0 (Macintosh; Intel Mac OS X 10.12; rv:50.0) Gecko/20100101 Firefox/50.0" "AVmEVR/zmbXPjSpFAAAu"
0:0:0:0:0:0:0:1 - - [09/jan/2017:18:50:00 +0100] "GET /api/project_links/search?projectKey=Game1 HTTP/1.1" 200 12 "http://localhost:9000/dashboard?id=Game1" "Mozilla/5.0 (Macintosh; Intel Mac OS X 10.12; rv:50.0) Gecko/20100101 Firefox/50.0" "AVmEVR/zmbXPjSpFAAAv"
0:0:0:0:0:0:0:1 - - [09/jan/2017:18:50:00 +0100] "GET /api/events?resource=Game1 HTTP/1.1" 200 81 "http://localhost:9000/dashboard?id=Game1" "Mozilla/5.0 (Macintosh; Intel Mac OS X 10.12; rv:50.0) Gecko/20100101 Firefox/50.0" "AVmEVR/zmbXPjSpFAAAw"
0:0:0:0:0:0:0:1 - - [09/jan/2017:18:50:00 +0100] "GET /api/timemachine/index?resource=Game1&metrics=sqale_index%2Cduplicated_lines_density%2Cncloc%2Ccoverage HTTP/1.1" 200 180 "http://localhost:9000/dashboard?id=Game1" "Mozilla/5.0 (Macintosh; Intel Mac OS X 10.12; rv:50.0) Gecko/20100101 Firefox/50.0" "AVmEVR/zmbXPjSpFAAAx"
0:0:0:0:0:0:0:1 - - [09/jan/2017:18:50:04 +0100] "GET /component_issues?id=Game1 HTTP/1.1" 200 4451 "http://localhost:9000/dashboard?id=Game1" "Mozilla/5.0 (Macintosh; Intel Mac OS X 10.12; rv:50.0) Gecko/20100101 Firefox/50.0" "AVmEVR/zmbXPjSpFAAAy"
0:0:0:0:0:0:0:1 - - [09/jan/2017:18:50:04 +0100] "GET /js/bundles/component-issues.js?v=6.2 HTTP/1.1" 200 - "http://localhost:9000/component_issues?id=Game1" "Mozilla/5.0 (Macintosh; Intel Mac OS X 10.12; rv:50.0) Gecko/20100101 Firefox/50.0" "AVmEVR/zmbXPjSpFAAAz"
0:0:0:0:0:0:0:1 - - [09/jan/2017:18:50:05 +0100] "GET /api/l10n/index?locale=nl&ts=2017-01-09T18%3A49%3A59%2B0100 HTTP/1.1" 304 - "http://localhost:9000/component_issues?id=Game1" "Mozilla/5.0 (Macintosh; Intel Mac OS X 10.12; rv:50.0) Gecko/20100101 Firefox/50.0" "AVmEVR/zmbXPjSpFAAA0"
0:0:0:0:0:0:0:1 - - [09/jan/2017:18:50:05 +0100] "GET /api/navigation/global HTTP/1.1" 200 39 "http://localhost:9000/component_issues?id=Game1" "Mozilla/5.0 (Macintosh; Intel Mac OS X 10.12; rv:50.0) Gecko/20100101 Firefox/50.0" "AVmEVR/zmbXPjSpFAAA1"
0:0:0:0:0:0:0:1 - - [09/jan/2017:18:50:05 +0100] "GET /api/navigation/component?componentKey=Game1 HTTP/1.1" 200 260 "http://localhost:9000/component_issues?id=Game1" "Mozilla/5.0 (Macintosh; Intel Mac OS X 10.12; rv:50.0) Gecko/20100101 Firefox/50.0" "AVmEVR/zmbXPjSpFAAA2"
0:0:0:0:0:0:0:1 - - [09/jan/2017:18:50:05 +0100] "GET /api/ce/component?componentId=AVmEWcfe-KLmNRwKb4-K HTTP/1.1" 200 415 "http://localhost:9000/component_issues?id=Game1" "Mozilla/5.0 (Macintosh; Intel Mac OS X 10.12; rv:50.0) Gecko/20100101 Firefox/50.0" "AVmEVR/zmbXPjSpFAAA3"
0:0:0:0:0:0:0:1 - - [09/jan/2017:18:50:05 +0100] "GET /api/issues/search?p=1&ps=50&asc=true&additionalFields=_all&facets=types%2Cresolutions&resolved=false&types=CODE_SMELL&componentUuids=AVmEWcfe-KLmNRwKb4-K HTTP/1.1" 200 - "http://localhost:9000/component_issues?id=Game1" "Mozilla/5.0 (Macintosh; Intel Mac OS X 10.12; rv:50.0) Gecko/20100101 Firefox/50.0" "AVmEVR/zmbXPjSpFAAA4"
0:0:0:0:0:0:0:1 - - [09/jan/2017:18:50:14 +0100] "GET /about HTTP/1.1" 200 4199 "-" "Mozilla/5.0 (Macintosh; Intel Mac OS X 10.12; rv:50.0) Gecko/20100101 Firefox/50.0" "AVmEVR/zmbXPjSpFAAA5"
0:0:0:0:0:0:0:1 - - [09/jan/2017:18:50:14 +0100] "GET /js/bundles/vendor.js?v=6.2 HTTP/1.1" 304 - "http://localhost:9000/about" "Mozilla/5.0 (Macintosh; Intel Mac OS X 10.12; rv:50.0) Gecko/20100101 Firefox/50.0" "AVmEVR/zmbXPjSpFAAA7"
0:0:0:0:0:0:0:1 - - [09/jan/2017:18:50:14 +0100] "GET /css/sonar.css?v=6.2 HTTP/1.1" 304 - "http://localhost:9000/about" "Mozilla/5.0 (Macintosh; Intel Mac OS X 10.12; rv:50.0) Gecko/20100101 Firefox/50.0" "AVmEVR/zmbXPjSpFAAA6"
0:0:0:0:0:0:0:1 - - [09/jan/2017:18:50:14 +0100] "GET /js/bundles/sonar.js?v=6.2 HTTP/1.1" 304 - "http://localhost:9000/about" "Mozilla/5.0 (Macintosh; Intel Mac OS X 10.12; rv:50.0) Gecko/20100101 Firefox/50.0" "AVmEVR/zmbXPjSpFAAA8"
0:0:0:0:0:0:0:1 - - [09/jan/2017:18:50:14 +0100] "GET /js/bundles/main.js?v=6.2 HTTP/1.1" 304 - "http://localhost:9000/about" "Mozilla/5.0 (Macintosh; Intel Mac OS X 10.12; rv:50.0) Gecko/20100101 Firefox/50.0" "AVmEVR/zmbXPjSpFAAA9"
0:0:0:0:0:0:0:1 - - [09/jan/2017:18:50:14 +0100] "GET /js/bundles/app.js?v=6.2 HTTP/1.1" 304 - "http://localhost:9000/about" "Mozilla/5.0 (Macintosh; Intel Mac OS X 10.12; rv:50.0) Gecko/20100101 Firefox/50.0" "AVmEVR/zmbXPjSpFAAA+"
0:0:0:0:0:0:0:1 - - [09/jan/2017:18:50:14 +0100] "GET /api/l10n/index?locale=nl&ts=2017-01-09T18%3A50%3A05%2B0100 HTTP/1.1" 304 - "http://localhost:9000/about" "Mozilla/5.0 (Macintosh; Intel Mac OS X 10.12; rv:50.0) Gecko/20100101 Firefox/50.0" "AVmEVR/zmbXPjSpFAAA/"
0:0:0:0:0:0:0:1 - - [09/jan/2017:18:50:14 +0100] "GET /api/navigation/global HTTP/1.1" 200 39 "http://localhost:9000/about" "Mozilla/5.0 (Macintosh; Intel Mac OS X 10.12; rv:50.0) Gecko/20100101 Firefox/50.0" "AVmEVR/zmbXPjSpFAABA"
0:0:0:0:0:0:0:1 - - [09/jan/2017:18:50:15 +0100] "GET /images/logo.svg HTTP/1.1" 304 - "http://localhost:9000/about" "Mozilla/5.0 (Macintosh; Intel Mac OS X 10.12; rv:50.0) Gecko/20100101 Firefox/50.0" "AVmEVR/zmbXPjSpFAABB"
0:0:0:0:0:0:0:1 - - [09/jan/2017:18:50:15 +0100] "GET /api/languages/list HTTP/1.1" 200 102 "http://localhost:9000/about" "Mozilla/5.0 (Macintosh; Intel Mac OS X 10.12; rv:50.0) Gecko/20100101 Firefox/50.0" "AVmEVR/zmbXPjSpFAABF"
0:0:0:0:0:0:0:1 - - [09/jan/2017:18:50:15 +0100] "GET /api/users/current HTTP/1.1" 200 98 "http://localhost:9000/about" "Mozilla/5.0 (Macintosh; Intel Mac OS X 10.12; rv:50.0) Gecko/20100101 Firefox/50.0" "AVmEVR/zmbXPjSpFAABE"
0:0:0:0:0:0:0:1 - - [09/jan/2017:18:50:15 +0100] "GET /api/components/search_projects?ps=1 HTTP/1.1" 200 135 "http://localhost:9000/about" "Mozilla/5.0 (Macintosh; Intel Mac OS X 10.12; rv:50.0) Gecko/20100101 Firefox/50.0" "AVmEVR/zmbXPjSpFAABC"
0:0:0:0:0:0:0:1 - - [09/jan/2017:18:50:15 +0100] "GET /api/issues/search?resolved=false&facets=types&ps=1&additionalFields=_all HTTP/1.1" 200 - "http://localhost:9000/about" "Mozilla/5.0 (Macintosh; Intel Mac OS X 10.12; rv:50.0) Gecko/20100101 Firefox/50.0" "AVmEVR/zmbXPjSpFAABD"
0:0:0:0:0:0:0:1 - - [09/jan/2017:18:50:15 +0100] "GET /images/scanner-logos/sonarqube.svg HTTP/1.1" 304 - "http://localhost:9000/about" "Mozilla/5.0 (Macintosh; Intel Mac OS X 10.12; rv:50.0) Gecko/20100101 Firefox/50.0" "AVmEVR/zmbXPjSpFAABG"
0:0:0:0:0:0:0:1 - - [09/jan/2017:18:50:15 +0100] "GET /images/scanner-logos/msbuild.svg HTTP/1.1" 304 - "http://localhost:9000/about" "Mozilla/5.0 (Macintosh; Intel Mac OS X 10.12; rv:50.0) Gecko/20100101 Firefox/50.0" "AVmEVR/zmbXPjSpFAABH"
0:0:0:0:0:0:0:1 - - [09/jan/2017:18:50:15 +0100] "GET /images/scanner-logos/maven.svg HTTP/1.1" 304 - "http://localhost:9000/about" "Mozilla/5.0 (Macintosh; Intel Mac OS X 10.12; rv:50.0) Gecko/20100101 Firefox/50.0" "AVmEVR/zmbXPjSpFAABI"
0:0:0:0:0:0:0:1 - - [09/jan/2017:18:50:15 +0100] "GET /images/scanner-logos/jenkins.svg HTTP/1.1" 304 - "http://localhost:9000/about" "Mozilla/5.0 (Macintosh; Intel Mac OS X 10.12; rv:50.0) Gecko/20100101 Firefox/50.0" "AVmEVR/zmbXPjSpFAABJ"
0:0:0:0:0:0:0:1 - - [09/jan/2017:18:50:15 +0100] "GET /images/scanner-logos/gradle.svg HTTP/1.1" 304 - "http://localhost:9000/about" "Mozilla/5.0 (Macintosh; Intel Mac OS X 10.12; rv:50.0) Gecko/20100101 Firefox/50.0" "AVmEVR/zmbXPjSpFAABK"
0:0:0:0:0:0:0:1 - - [09/jan/2017:18:50:15 +0100] "GET /images/scanner-logos/ant.svg HTTP/1.1" 304 - "http://localhost:9000/about" "Mozilla/5.0 (Macintosh; Intel Mac OS X 10.12; rv:50.0) Gecko/20100101 Firefox/50.0" "AVmEVR/zmbXPjSpFAABL"
127.0.0.1 - - [09/jan/2017:18:52:22 +0100] "GET /batch_bootstrap/index HTTP/1.1" 302 - "-" "SonarQubeScanner/2.8" "AVmEVR/zmbXPjSpFAABM"
127.0.0.1 - - [09/jan/2017:18:52:22 +0100] "GET /batch/index HTTP/1.1" 200 - "-" "SonarQubeScanner/2.8" "AVmEVR/zmbXPjSpFAABN"
127.0.0.1 - - [09/jan/2017:18:52:28 +0100] "GET /batch/global HTTP/1.1" 200 - "-" "null/null" "AVmEVR/zmbXPjSpFAABO"
127.0.0.1 - - [09/jan/2017:18:52:28 +0100] "GET /deploy/plugins/index.txt HTTP/1.1" 200 395 "-" "null/null" "-"
127.0.0.1 - - [09/jan/2017:18:52:33 +0100] "GET /batch/project.protobuf?key=GoRoffaGo HTTP/1.1" 404 74 "-" "null/null" "AVmEVR/zmbXPjSpFAABP"
127.0.0.1 - - [09/jan/2017:18:52:33 +0100] "GET /api/qualityprofiles/search.protobuf?defaults=true HTTP/1.1" 200 266 "-" "null/null" "AVmEVR/zmbXPjSpFAABQ"
127.0.0.1 - - [09/jan/2017:18:52:34 +0100] "GET /api/rules/search.protobuf?f=repo,name,severity,lang,internalKey,templateKey,params,actives&activation=true&qprofile=cs-sonar-way-85654&p=1&ps=500 HTTP/1.1" 200 - "-" "null/null" "AVmEVR/zmbXPjSpFAABR"
127.0.0.1 - - [09/jan/2017:18:52:34 +0100] "GET /api/rules/search.protobuf?f=repo,name,severity,lang,internalKey,templateKey,params,actives&activation=true&qprofile=java-sonar-way-14682&p=1&ps=500 HTTP/1.1" 200 - "-" "null/null" "AVmEVR/zmbXPjSpFAABS"
127.0.0.1 - - [09/jan/2017:18:52:34 +0100] "GET /api/rules/search.protobuf?f=repo,name,severity,lang,internalKey,templateKey,params,actives&activation=true&qprofile=js-sonar-way-99213&p=1&ps=500 HTTP/1.1" 200 - "-" "null/null" "AVmEVR/zmbXPjSpFAABT"
127.0.0.1 - - [09/jan/2017:18:52:34 +0100] "GET /api/rules/list.protobuf HTTP/1.1" 200 - "-" "null/null" "AVmEVR/zmbXPjSpFAABU"
127.0.0.1 - - [09/jan/2017:18:52:39 +0100] "POST /api/ce/submit?projectKey=GoRoffaGo HTTP/1.1" 200 44 "-" "null/null" "AVmEVR/zmbXPjSpFAABV"
0:0:0:0:0:0:0:1 - - [09/jan/2017:18:52:44 +0100] "GET /dashboard?id=GoRoffaGo HTTP/1.1" 200 4820 "-" "Mozilla/5.0 (Macintosh; Intel Mac OS X 10.12; rv:50.0) Gecko/20100101 Firefox/50.0" "AVmEVR/zmbXPjSpFAABW"
0:0:0:0:0:0:0:1 - - [09/jan/2017:18:52:44 +0100] "GET /api/l10n/index?locale=nl&ts=2017-01-09T18%3A50%3A14%2B0100 HTTP/1.1" 304 - "http://localhost:9000/dashboard?id=GoRoffaGo" "Mozilla/5.0 (Macintosh; Intel Mac OS X 10.12; rv:50.0) Gecko/20100101 Firefox/50.0" "AVmEVR/zmbXPjSpFAABX"
0:0:0:0:0:0:0:1 - - [09/jan/2017:18:52:45 +0100] "GET /api/navigation/global HTTP/1.1" 200 39 "http://localhost:9000/dashboard?id=GoRoffaGo" "Mozilla/5.0 (Macintosh; Intel Mac OS X 10.12; rv:50.0) Gecko/20100101 Firefox/50.0" "AVmEVR/zmbXPjSpFAABY"
0:0:0:0:0:0:0:1 - - [09/jan/2017:18:52:45 +0100] "GET /api/navigation/component?componentKey=GoRoffaGo HTTP/1.1" 200 276 "http://localhost:9000/dashboard?id=GoRoffaGo" "Mozilla/5.0 (Macintosh; Intel Mac OS X 10.12; rv:50.0) Gecko/20100101 Firefox/50.0" "AVmEVR/zmbXPjSpFAABZ"
0:0:0:0:0:0:0:1 - - [09/jan/2017:18:52:45 +0100] "GET /api/ce/component?componentId=AVmEXE4z-KLmNRwKb4-M HTTP/1.1" 200 423 "http://localhost:9000/dashboard?id=GoRoffaGo" "Mozilla/5.0 (Macintosh; Intel Mac OS X 10.12; rv:50.0) Gecko/20100101 Firefox/50.0" "AVmEVR/zmbXPjSpFAABa"
0:0:0:0:0:0:0:1 - - [09/jan/2017:18:52:45 +0100] "GET /api/measures/component?additionalFields=metrics%2Cperiods&componentKey=GoRoffaGo&metricKeys=alert_status%2Cquality_gate_details%2Cbugs%2Cnew_bugs%2Creliability_rating%2Cvulnerabilities%2Cnew_vulnerabilities%2Csecurity_rating%2Ccode_smells%2Cnew_code_smells%2Csqale_rating%2Csqale_index%2Cnew_technical_debt%2Ccoverage%2Cnew_coverage%2Cnew_lines_to_cover%2Ctests%2Cduplicated_lines_density%2Cnew_duplicated_lines_density%2Cduplicated_blocks%2Cncloc%2Cncloc_language_distribution%2Cnew_lines HTTP/1.1" 200 - "http://localhost:9000/dashboard?id=GoRoffaGo" "Mozilla/5.0 (Macintosh; Intel Mac OS X 10.12; rv:50.0) Gecko/20100101 Firefox/50.0" "AVmEVR/zmbXPjSpFAABb"
0:0:0:0:0:0:0:1 - - [09/jan/2017:18:52:45 +0100] "GET /api/languages/list HTTP/1.1" 200 102 "http://localhost:9000/dashboard?id=GoRoffaGo" "Mozilla/5.0 (Macintosh; Intel Mac OS X 10.12; rv:50.0) Gecko/20100101 Firefox/50.0" "AVmEVR/zmbXPjSpFAABc"
0:0:0:0:0:0:0:1 - - [09/jan/2017:18:52:45 +0100] "GET /api/rules/search?qprofile=java-sonar-way-14682&activation=true&statuses=DEPRECATED&ps=1 HTTP/1.1" 200 35 "http://localhost:9000/dashboard?id=GoRoffaGo" "Mozilla/5.0 (Macintosh; Intel Mac OS X 10.12; rv:50.0) Gecko/20100101 Firefox/50.0" "AVmEVR/zmbXPjSpFAABd"
0:0:0:0:0:0:0:1 - - [09/jan/2017:18:52:45 +0100] "GET /api/project_links/search?projectKey=GoRoffaGo HTTP/1.1" 200 12 "http://localhost:9000/dashboard?id=GoRoffaGo" "Mozilla/5.0 (Macintosh; Intel Mac OS X 10.12; rv:50.0) Gecko/20100101 Firefox/50.0" "AVmEVR/zmbXPjSpFAABe"
0:0:0:0:0:0:0:1 - - [09/jan/2017:18:52:45 +0100] "GET /api/events?resource=GoRoffaGo HTTP/1.1" 200 85 "http://localhost:9000/dashboard?id=GoRoffaGo" "Mozilla/5.0 (Macintosh; Intel Mac OS X 10.12; rv:50.0) Gecko/20100101 Firefox/50.0" "AVmEVR/zmbXPjSpFAABf"
0:0:0:0:0:0:0:1 - - [09/jan/2017:18:52:45 +0100] "GET /api/timemachine/index?resource=GoRoffaGo&metrics=sqale_index%2Cduplicated_lines_density%2Cncloc%2Ccoverage HTTP/1.1" 200 182 "http://localhost:9000/dashboard?id=GoRoffaGo" "Mozilla/5.0 (Macintosh; Intel Mac OS X 10.12; rv:50.0) Gecko/20100101 Firefox/50.0" "AVmEVR/zmbXPjSpFAABg"
0:0:0:0:0:0:0:1 - - [09/jan/2017:18:52:48 +0100] "GET /component_issues?id=GoRoffaGo HTTP/1.1" 200 4463 "http://localhost:9000/dashboard?id=GoRoffaGo" "Mozilla/5.0 (Macintosh; Intel Mac OS X 10.12; rv:50.0) Gecko/20100101 Firefox/50.0" "AVmEVR/zmbXPjSpFAABh"
0:0:0:0:0:0:0:1 - - [09/jan/2017:18:52:49 +0100] "GET /api/l10n/index?locale=nl&ts=2017-01-09T18%3A52%3A45%2B0100 HTTP/1.1" 304 - "http://localhost:9000/component_issues?id=GoRoffaGo" "Mozilla/5.0 (Macintosh; Intel Mac OS X 10.12; rv:50.0) Gecko/20100101 Firefox/50.0" "AVmEVR/zmbXPjSpFAABi"
0:0:0:0:0:0:0:1 - - [09/jan/2017:18:52:49 +0100] "GET /api/navigation/global HTTP/1.1" 200 39 "http://localhost:9000/component_issues?id=GoRoffaGo" "Mozilla/5.0 (Macintosh; Intel Mac OS X 10.12; rv:50.0) Gecko/20100101 Firefox/50.0" "AVmEVR/zmbXPjSpFAABj"
0:0:0:0:0:0:0:1 - - [09/jan/2017:18:52:49 +0100] "GET /api/navigation/component?componentKey=GoRoffaGo HTTP/1.1" 200 276 "http://localhost:9000/component_issues?id=GoRoffaGo" "Mozilla/5.0 (Macintosh; Intel Mac OS X 10.12; rv:50.0) Gecko/20100101 Firefox/50.0" "AVmEVR/zmbXPjSpFAABk"
0:0:0:0:0:0:0:1 - - [09/jan/2017:18:52:49 +0100] "GET /api/ce/component?componentId=AVmEXE4z-KLmNRwKb4-M HTTP/1.1" 200 423 "http://localhost:9000/component_issues?id=GoRoffaGo" "Mozilla/5.0 (Macintosh; Intel Mac OS X 10.12; rv:50.0) Gecko/20100101 Firefox/50.0" "AVmEVR/zmbXPjSpFAABl"
0:0:0:0:0:0:0:1 - - [09/jan/2017:18:52:49 +0100] "GET /api/issues/search?p=1&ps=50&asc=true&additionalFields=_all&facets=types%2Cresolutions&resolved=false&types=BUG&componentUuids=AVmEXE4z-KLmNRwKb4-M HTTP/1.1" 200 - "http://localhost:9000/component_issues?id=GoRoffaGo" "Mozilla/5.0 (Macintosh; Intel Mac OS X 10.12; rv:50.0) Gecko/20100101 Firefox/50.0" "AVmEVR/zmbXPjSpFAABm"
0:0:0:0:0:0:0:1 - - [09/jan/2017:18:52:54 +0100] "GET /api/components/app?uuid=AVmEXFKJVymP4Z8TcnsP HTTP/1.1" 200 276 "http://localhost:9000/component_issues?id=GoRoffaGo" "Mozilla/5.0 (Macintosh; Intel Mac OS X 10.12; rv:50.0) Gecko/20100101 Firefox/50.0" "AVmEVR/zmbXPjSpFAABn"
0:0:0:0:0:0:0:1 - - [09/jan/2017:18:52:54 +0100] "GET /api/sources/lines?uuid=AVmEXFKJVymP4Z8TcnsP&from=1&to=1000 HTTP/1.1" 200 - "http://localhost:9000/component_issues?id=GoRoffaGo" "Mozilla/5.0 (Macintosh; Intel Mac OS X 10.12; rv:50.0) Gecko/20100101 Firefox/50.0" "AVmEVR/zmbXPjSpFAABo"
0:0:0:0:0:0:0:1 - - [09/jan/2017:18:52:54 +0100] "GET /api/issues/search?p=2&ps=50&asc=true&additionalFields=_all&facets=types%2Cresolutions&resolved=false&types=BUG&componentUuids=AVmEXE4z-KLmNRwKb4-M HTTP/1.1" 200 533 "http://localhost:9000/component_issues?id=GoRoffaGo" "Mozilla/5.0 (Macintosh; Intel Mac OS X 10.12; rv:50.0) Gecko/20100101 Firefox/50.0" "AVmEVR/zmbXPjSpFAABp"
0:0:0:0:0:0:0:1 - - [09/jan/2017:18:53:09 +0100] "GET /api/issues/search?p=1&ps=50&asc=true&additionalFields=_all&facets=types%2Cresolutions&resolved=false&types=BUG%2CCODE_SMELL&componentUuids=AVmEXE4z-KLmNRwKb4-M HTTP/1.1" 200 - "http://localhost:9000/component_issues?id=GoRoffaGo" "Mozilla/5.0 (Macintosh; Intel Mac OS X 10.12; rv:50.0) Gecko/20100101 Firefox/50.0" "AVmEVR/zmbXPjSpFAABq"
0:0:0:0:0:0:0:1 - - [09/jan/2017:19:01:58 +0100] "GET /about HTTP/1.1" 200 4199 "-" "Mozilla/5.0 (Macintosh; Intel Mac OS X 10.12; rv:50.0) Gecko/20100101 Firefox/50.0" "AVmEVR/zmbXPjSpFAABr"
0:0:0:0:0:0:0:1 - - [09/jan/2017:19:01:58 +0100] "GET /css/sonar.css?v=6.2 HTTP/1.1" 304 - "http://localhost:9000/about" "Mozilla/5.0 (Macintosh; Intel Mac OS X 10.12; rv:50.0) Gecko/20100101 Firefox/50.0" "AVmEVR/zmbXPjSpFAABs"
0:0:0:0:0:0:0:1 - - [09/jan/2017:19:01:58 +0100] "GET /js/bundles/vendor.js?v=6.2 HTTP/1.1" 304 - "http://localhost:9000/about" "Mozilla/5.0 (Macintosh; Intel Mac OS X 10.12; rv:50.0) Gecko/20100101 Firefox/50.0" "AVmEVR/zmbXPjSpFAABt"
0:0:0:0:0:0:0:1 - - [09/jan/2017:19:01:58 +0100] "GET /js/bundles/sonar.js?v=6.2 HTTP/1.1" 304 - "http://localhost:9000/about" "Mozilla/5.0 (Macintosh; Intel Mac OS X 10.12; rv:50.0) Gecko/20100101 Firefox/50.0" "AVmEVR/zmbXPjSpFAABu"
0:0:0:0:0:0:0:1 - - [09/jan/2017:19:01:58 +0100] "GET /js/bundles/main.js?v=6.2 HTTP/1.1" 304 - "http://localhost:9000/about" "Mozilla/5.0 (Macintosh; Intel Mac OS X 10.12; rv:50.0) Gecko/20100101 Firefox/50.0" "AVmEVR/zmbXPjSpFAABv"
0:0:0:0:0:0:0:1 - - [09/jan/2017:19:01:58 +0100] "GET /js/bundles/app.js?v=6.2 HTTP/1.1" 304 - "http://localhost:9000/about" "Mozilla/5.0 (Macintosh; Intel Mac OS X 10.12; rv:50.0) Gecko/20100101 Firefox/50.0" "AVmEVR/zmbXPjSpFAABw"
0:0:0:0:0:0:0:1 - - [09/jan/2017:19:01:58 +0100] "GET /api/l10n/index?locale=nl&ts=2017-01-09T18%3A52%3A49%2B0100 HTTP/1.1" 304 - "http://localhost:9000/about" "Mozilla/5.0 (Macintosh; Intel Mac OS X 10.12; rv:50.0) Gecko/20100101 Firefox/50.0" "AVmEVR/zmbXPjSpFAABx"
0:0:0:0:0:0:0:1 - - [09/jan/2017:19:01:58 +0100] "GET /api/navigation/global HTTP/1.1" 200 39 "http://localhost:9000/about" "Mozilla/5.0 (Macintosh; Intel Mac OS X 10.12; rv:50.0) Gecko/20100101 Firefox/50.0" "AVmEVR/zmbXPjSpFAABy"
0:0:0:0:0:0:0:1 - - [09/jan/2017:19:01:58 +0100] "GET /images/logo.svg HTTP/1.1" 304 - "http://localhost:9000/about" "Mozilla/5.0 (Macintosh; Intel Mac OS X 10.12; rv:50.0) Gecko/20100101 Firefox/50.0" "AVmEVR/zmbXPjSpFAABz"
0:0:0:0:0:0:0:1 - - [09/jan/2017:19:01:58 +0100] "GET /api/users/current HTTP/1.1" 200 98 "http://localhost:9000/about" "Mozilla/5.0 (Macintosh; Intel Mac OS X 10.12; rv:50.0) Gecko/20100101 Firefox/50.0" "AVmEVR/zmbXPjSpFAAB2"
0:0:0:0:0:0:0:1 - - [09/jan/2017:19:01:58 +0100] "GET /api/components/search_projects?ps=1 HTTP/1.1" 200 135 "http://localhost:9000/about" "Mozilla/5.0 (Macintosh; Intel Mac OS X 10.12; rv:50.0) Gecko/20100101 Firefox/50.0" "AVmEVR/zmbXPjSpFAAB0"
0:0:0:0:0:0:0:1 - - [09/jan/2017:19:01:58 +0100] "GET /api/languages/list HTTP/1.1" 200 102 "http://localhost:9000/about" "Mozilla/5.0 (Macintosh; Intel Mac OS X 10.12; rv:50.0) Gecko/20100101 Firefox/50.0" "AVmEVR/zmbXPjSpFAAB3"
0:0:0:0:0:0:0:1 - - [09/jan/2017:19:01:58 +0100] "GET /api/issues/search?resolved=false&facets=types&ps=1&additionalFields=_all HTTP/1.1" 200 - "http://localhost:9000/about" "Mozilla/5.0 (Macintosh; Intel Mac OS X 10.12; rv:50.0) Gecko/20100101 Firefox/50.0" "AVmEVR/zmbXPjSpFAAB1"
0:0:0:0:0:0:0:1 - - [09/jan/2017:19:01:59 +0100] "GET /images/scanner-logos/sonarqube.svg HTTP/1.1" 304 - "http://localhost:9000/about" "Mozilla/5.0 (Macintosh; Intel Mac OS X 10.12; rv:50.0) Gecko/20100101 Firefox/50.0" "AVmEVR/zmbXPjSpFAAB4"
0:0:0:0:0:0:0:1 - - [09/jan/2017:19:01:59 +0100] "GET /images/scanner-logos/msbuild.svg HTTP/1.1" 304 - "http://localhost:9000/about" "Mozilla/5.0 (Macintosh; Intel Mac OS X 10.12; rv:50.0) Gecko/20100101 Firefox/50.0" "AVmEVR/zmbXPjSpFAAB5"
0:0:0:0:0:0:0:1 - - [09/jan/2017:19:01:59 +0100] "GET /images/scanner-logos/maven.svg HTTP/1.1" 304 - "http://localhost:9000/about" "Mozilla/5.0 (Macintosh; Intel Mac OS X 10.12; rv:50.0) Gecko/20100101 Firefox/50.0" "AVmEVR/zmbXPjSpFAAB6"
0:0:0:0:0:0:0:1 - - [09/jan/2017:19:01:59 +0100] "GET /images/scanner-logos/gradle.svg HTTP/1.1" 304 - "http://localhost:9000/about" "Mozilla/5.0 (Macintosh; Intel Mac OS X 10.12; rv:50.0) Gecko/20100101 Firefox/50.0" "AVmEVR/zmbXPjSpFAAB7"
0:0:0:0:0:0:0:1 - - [09/jan/2017:19:01:59 +0100] "GET /images/scanner-logos/jenkins.svg HTTP/1.1" 304 - "http://localhost:9000/about" "Mozilla/5.0 (Macintosh; Intel Mac OS X 10.12; rv:50.0) Gecko/20100101 Firefox/50.0" "AVmEVR/zmbXPjSpFAAB8"
0:0:0:0:0:0:0:1 - - [09/jan/2017:19:01:59 +0100] "GET /images/scanner-logos/ant.svg HTTP/1.1" 304 - "http://localhost:9000/about" "Mozilla/5.0 (Macintosh; Intel Mac OS X 10.12; rv:50.0) Gecko/20100101 Firefox/50.0" "AVmEVR/zmbXPjSpFAAB9"
0:0:0:0:0:0:0:1 - - [09/jan/2017:19:02:02 +0100] "GET /projects HTTP/1.1" 200 4034 "http://localhost:9000/about" "Mozilla/5.0 (Macintosh; Intel Mac OS X 10.12; rv:50.0) Gecko/20100101 Firefox/50.0" "AVmEVR/zmbXPjSpFAAB+"
0:0:0:0:0:0:0:1 - - [09/jan/2017:19:02:02 +0100] "GET /api/l10n/index?locale=nl&ts=2017-01-09T19%3A01%3A58%2B0100 HTTP/1.1" 304 - "http://localhost:9000/projects" "Mozilla/5.0 (Macintosh; Intel Mac OS X 10.12; rv:50.0) Gecko/20100101 Firefox/50.0" "AVmEVR/zmbXPjSpFAAB/"
0:0:0:0:0:0:0:1 - - [09/jan/2017:19:02:02 +0100] "GET /api/navigation/global HTTP/1.1" 200 39 "http://localhost:9000/projects" "Mozilla/5.0 (Macintosh; Intel Mac OS X 10.12; rv:50.0) Gecko/20100101 Firefox/50.0" "AVmEVR/zmbXPjSpFAACA"
0:0:0:0:0:0:0:1 - - [09/jan/2017:19:02:02 +0100] "GET /api/users/current HTTP/1.1" 200 98 "http://localhost:9000/projects" "Mozilla/5.0 (Macintosh; Intel Mac OS X 10.12; rv:50.0) Gecko/20100101 Firefox/50.0" "AVmEVR/zmbXPjSpFAACC"
0:0:0:0:0:0:0:1 - - [09/jan/2017:19:02:02 +0100] "GET /api/languages/list HTTP/1.1" 200 102 "http://localhost:9000/projects" "Mozilla/5.0 (Macintosh; Intel Mac OS X 10.12; rv:50.0) Gecko/20100101 Firefox/50.0" "AVmEVR/zmbXPjSpFAACD"
0:0:0:0:0:0:0:1 - - [09/jan/2017:19:02:02 +0100] "GET /api/components/search_projects?ps=50&facets=reliability_rating%2Csecurity_rating%2Csqale_rating%2Ccoverage%2Cduplicated_lines_density%2Cncloc%2Calert_status HTTP/1.1" 200 - "http://localhost:9000/projects" "Mozilla/5.0 (Macintosh; Intel Mac OS X 10.12; rv:50.0) Gecko/20100101 Firefox/50.0" "AVmEVR/zmbXPjSpFAACB"
0:0:0:0:0:0:0:1 - - [09/jan/2017:19:02:02 +0100] "GET /api/measures/search?projectKeys=Game1%2CGoRoffaGo&metricKeys=alert_status%2Creliability_rating%2Csecurity_rating%2Csqale_rating%2Cduplicated_lines_density%2Ccoverage%2Cncloc%2Cncloc_language_distribution HTTP/1.1" 200 950 "http://localhost:9000/projects" "Mozilla/5.0 (Macintosh; Intel Mac OS X 10.12; rv:50.0) Gecko/20100101 Firefox/50.0" "AVmEVR/zmbXPjSpFAACE"
0:0:0:0:0:0:0:1 - - [09/jan/2017:19:14:08 +0100] "GET / HTTP/1.1" 302 93 "-" "Mozilla/5.0 (Macintosh; Intel Mac OS X 10.12; rv:50.0) Gecko/20100101 Firefox/50.0" "AVmEb/y36t5Wqm5oAAAA"
0:0:0:0:0:0:0:1 - - [09/jan/2017:19:14:09 +0100] "GET /about HTTP/1.1" 200 4199 "-" "Mozilla/5.0 (Macintosh; Intel Mac OS X 10.12; rv:50.0) Gecko/20100101 Firefox/50.0" "AVmEb/y36t5Wqm5oAAAB"
0:0:0:0:0:0:0:1 - - [09/jan/2017:19:14:09 +0100] "GET /css/sonar.css?v=6.2 HTTP/1.1" 304 - "http://localhost:9000/about" "Mozilla/5.0 (Macintosh; Intel Mac OS X 10.12; rv:50.0) Gecko/20100101 Firefox/50.0" "AVmEb/y36t5Wqm5oAAAC"
0:0:0:0:0:0:0:1 - - [09/jan/2017:19:14:09 +0100] "GET /js/bundles/main.js?v=6.2 HTTP/1.1" 304 - "http://localhost:9000/about" "Mozilla/5.0 (Macintosh; Intel Mac OS X 10.12; rv:50.0) Gecko/20100101 Firefox/50.0" "AVmEb/y36t5Wqm5oAAAD"
0:0:0:0:0:0:0:1 - - [09/jan/2017:19:14:09 +0100] "GET /js/bundles/vendor.js?v=6.2 HTTP/1.1" 304 - "http://localhost:9000/about" "Mozilla/5.0 (Macintosh; Intel Mac OS X 10.12; rv:50.0) Gecko/20100101 Firefox/50.0" "AVmEb/y36t5Wqm5oAAAE"
0:0:0:0:0:0:0:1 - - [09/jan/2017:19:14:09 +0100] "GET /js/bundles/sonar.js?v=6.2 HTTP/1.1" 304 - "http://localhost:9000/about" "Mozilla/5.0 (Macintosh; Intel Mac OS X 10.12; rv:50.0) Gecko/20100101 Firefox/50.0" "AVmEb/y36t5Wqm5oAAAF"
0:0:0:0:0:0:0:1 - - [09/jan/2017:19:14:09 +0100] "GET /js/bundles/app.js?v=6.2 HTTP/1.1" 304 - "http://localhost:9000/about" "Mozilla/5.0 (Macintosh; Intel Mac OS X 10.12; rv:50.0) Gecko/20100101 Firefox/50.0" "AVmEb/y36t5Wqm5oAAAG"
0:0:0:0:0:0:0:1 - - [09/jan/2017:19:14:09 +0100] "GET /api/l10n/index?locale=nl&ts=2017-01-09T19%3A02%3A02%2B0100 HTTP/1.1" 200 - "http://localhost:9000/about" "Mozilla/5.0 (Macintosh; Intel Mac OS X 10.12; rv:50.0) Gecko/20100101 Firefox/50.0" "AVmEb/y36t5Wqm5oAAAH"
0:0:0:0:0:0:0:1 - - [09/jan/2017:19:14:09 +0100] "GET /api/navigation/global HTTP/1.1" 200 39 "http://localhost:9000/about" "Mozilla/5.0 (Macintosh; Intel Mac OS X 10.12; rv:50.0) Gecko/20100101 Firefox/50.0" "AVmEb/y36t5Wqm5oAAAI"
0:0:0:0:0:0:0:1 - - [09/jan/2017:19:14:09 +0100] "GET /images/logo.svg HTTP/1.1" 304 - "http://localhost:9000/about" "Mozilla/5.0 (Macintosh; Intel Mac OS X 10.12; rv:50.0) Gecko/20100101 Firefox/50.0" "AVmEb/y36t5Wqm5oAAAJ"
0:0:0:0:0:0:0:1 - - [09/jan/2017:19:14:09 +0100] "GET /api/languages/list HTTP/1.1" 200 102 "http://localhost:9000/about" "Mozilla/5.0 (Macintosh; Intel Mac OS X 10.12; rv:50.0) Gecko/20100101 Firefox/50.0" "AVmEb/y36t5Wqm5oAAAN"
0:0:0:0:0:0:0:1 - - [09/jan/2017:19:14:09 +0100] "GET /api/users/current HTTP/1.1" 200 98 "http://localhost:9000/about" "Mozilla/5.0 (Macintosh; Intel Mac OS X 10.12; rv:50.0) Gecko/20100101 Firefox/50.0" "AVmEb/y36t5Wqm5oAAAM"
0:0:0:0:0:0:0:1 - - [09/jan/2017:19:14:10 +0100] "GET /api/components/search_projects?ps=1 HTTP/1.1" 200 135 "http://localhost:9000/about" "Mozilla/5.0 (Macintosh; Intel Mac OS X 10.12; rv:50.0) Gecko/20100101 Firefox/50.0" "AVmEb/y36t5Wqm5oAAAK"
0:0:0:0:0:0:0:1 - - [09/jan/2017:19:14:10 +0100] "GET /api/issues/search?resolved=false&facets=types&ps=1&additionalFields=_all HTTP/1.1" 200 - "http://localhost:9000/about" "Mozilla/5.0 (Macintosh; Intel Mac OS X 10.12; rv:50.0) Gecko/20100101 Firefox/50.0" "AVmEb/y36t5Wqm5oAAAL"
0:0:0:0:0:0:0:1 - - [09/jan/2017:19:14:10 +0100] "GET /images/scanner-logos/sonarqube.svg HTTP/1.1" 304 - "http://localhost:9000/about" "Mozilla/5.0 (Macintosh; Intel Mac OS X 10.12; rv:50.0) Gecko/20100101 Firefox/50.0" "AVmEb/y36t5Wqm5oAAAO"
0:0:0:0:0:0:0:1 - - [09/jan/2017:19:14:10 +0100] "GET /images/scanner-logos/msbuild.svg HTTP/1.1" 304 - "http://localhost:9000/about" "Mozilla/5.0 (Macintosh; Intel Mac OS X 10.12; rv:50.0) Gecko/20100101 Firefox/50.0" "AVmEb/y36t5Wqm5oAAAP"
0:0:0:0:0:0:0:1 - - [09/jan/2017:19:14:10 +0100] "GET /images/scanner-logos/maven.svg HTTP/1.1" 304 - "http://localhost:9000/about" "Mozilla/5.0 (Macintosh; Intel Mac OS X 10.12; rv:50.0) Gecko/20100101 Firefox/50.0" "AVmEb/y36t5Wqm5oAAAQ"
0:0:0:0:0:0:0:1 - - [09/jan/2017:19:14:10 +0100] "GET /images/scanner-logos/gradle.svg HTTP/1.1" 304 - "http://localhost:9000/about" "Mozilla/5.0 (Macintosh; Intel Mac OS X 10.12; rv:50.0) Gecko/20100101 Firefox/50.0" "AVmEb/y36t5Wqm5oAAAR"
0:0:0:0:0:0:0:1 - - [09/jan/2017:19:14:10 +0100] "GET /images/scanner-logos/jenkins.svg HTTP/1.1" 304 - "http://localhost:9000/about" "Mozilla/5.0 (Macintosh; Intel Mac OS X 10.12; rv:50.0) Gecko/20100101 Firefox/50.0" "AVmEb/y36t5Wqm5oAAAS"
0:0:0:0:0:0:0:1 - - [09/jan/2017:19:14:10 +0100] "GET /images/scanner-logos/ant.svg HTTP/1.1" 304 - "http://localhost:9000/about" "Mozilla/5.0 (Macintosh; Intel Mac OS X 10.12; rv:50.0) Gecko/20100101 Firefox/50.0" "AVmEb/y36t5Wqm5oAAAT"
0:0:0:0:0:0:0:1 - - [09/jan/2017:19:14:16 +0100] "GET /issues HTTP/1.1" 200 4037 "http://localhost:9000/about" "Mozilla/5.0 (Macintosh; Intel Mac OS X 10.12; rv:50.0) Gecko/20100101 Firefox/50.0" "AVmEb/y36t5Wqm5oAAAU"
0:0:0:0:0:0:0:1 - - [09/jan/2017:19:14:16 +0100] "GET /js/bundles/issues.js?v=6.2 HTTP/1.1" 200 - "http://localhost:9000/issues" "Mozilla/5.0 (Macintosh; Intel Mac OS X 10.12; rv:50.0) Gecko/20100101 Firefox/50.0" "AVmEb/y36t5Wqm5oAAAV"
0:0:0:0:0:0:0:1 - - [09/jan/2017:19:14:16 +0100] "GET /api/l10n/index?locale=nl&ts=2017-01-09T19%3A14%3A09%2B0100 HTTP/1.1" 304 - "http://localhost:9000/issues" "Mozilla/5.0 (Macintosh; Intel Mac OS X 10.12; rv:50.0) Gecko/20100101 Firefox/50.0" "AVmEb/y36t5Wqm5oAAAW"
0:0:0:0:0:0:0:1 - - [09/jan/2017:19:14:16 +0100] "GET /api/navigation/global HTTP/1.1" 200 39 "http://localhost:9000/issues" "Mozilla/5.0 (Macintosh; Intel Mac OS X 10.12; rv:50.0) Gecko/20100101 Firefox/50.0" "AVmEb/y36t5Wqm5oAAAX"
0:0:0:0:0:0:0:1 - - [09/jan/2017:19:14:16 +0100] "GET /api/issues/search?p=1&ps=50&asc=true&additionalFields=_all&facets=types%2Cresolutions&resolved=false&types=BUG HTTP/1.1" 200 - "http://localhost:9000/issues" "Mozilla/5.0 (Macintosh; Intel Mac OS X 10.12; rv:50.0) Gecko/20100101 Firefox/50.0" "AVmEb/y36t5Wqm5oAAAY"
0:0:0:0:0:0:0:1 - - [09/jan/2017:19:14:21 +0100] "GET /projects HTTP/1.1" 200 4034 "http://localhost:9000/issues" "Mozilla/5.0 (Macintosh; Intel Mac OS X 10.12; rv:50.0) Gecko/20100101 Firefox/50.0" "AVmEb/y36t5Wqm5oAAAZ"
0:0:0:0:0:0:0:1 - - [09/jan/2017:19:14:22 +0100] "GET /api/l10n/index?locale=nl&ts=2017-01-09T19%3A14%3A16%2B0100 HTTP/1.1" 304 - "http://localhost:9000/projects" "Mozilla/5.0 (Macintosh; Intel Mac OS X 10.12; rv:50.0) Gecko/20100101 Firefox/50.0" "AVmEb/y36t5Wqm5oAAAa"
0:0:0:0:0:0:0:1 - - [09/jan/2017:19:14:22 +0100] "GET /api/navigation/global HTTP/1.1" 200 39 "http://localhost:9000/projects" "Mozilla/5.0 (Macintosh; Intel Mac OS X 10.12; rv:50.0) Gecko/20100101 Firefox/50.0" "AVmEb/y36t5Wqm5oAAAb"
0:0:0:0:0:0:0:1 - - [09/jan/2017:19:14:22 +0100] "GET /api/users/current HTTP/1.1" 200 98 "http://localhost:9000/projects" "Mozilla/5.0 (Macintosh; Intel Mac OS X 10.12; rv:50.0) Gecko/20100101 Firefox/50.0" "AVmEb/y36t5Wqm5oAAAd"
0:0:0:0:0:0:0:1 - - [09/jan/2017:19:14:22 +0100] "GET /api/languages/list HTTP/1.1" 200 102 "http://localhost:9000/projects" "Mozilla/5.0 (Macintosh; Intel Mac OS X 10.12; rv:50.0) Gecko/20100101 Firefox/50.0" "AVmEb/y36t5Wqm5oAAAe"
0:0:0:0:0:0:0:1 - - [09/jan/2017:19:14:22 +0100] "GET /api/components/search_projects?ps=50&facets=reliability_rating%2Csecurity_rating%2Csqale_rating%2Ccoverage%2Cduplicated_lines_density%2Cncloc%2Calert_status HTTP/1.1" 200 - "http://localhost:9000/projects" "Mozilla/5.0 (Macintosh; Intel Mac OS X 10.12; rv:50.0) Gecko/20100101 Firefox/50.0" "AVmEb/y36t5Wqm5oAAAc"
0:0:0:0:0:0:0:1 - - [09/jan/2017:19:14:22 +0100] "GET /api/measures/search?projectKeys=Game1%2CGoRoffaGo&metricKeys=alert_status%2Creliability_rating%2Csecurity_rating%2Csqale_rating%2Cduplicated_lines_density%2Ccoverage%2Cncloc%2Cncloc_language_distribution HTTP/1.1" 200 950 "http://localhost:9000/projects" "Mozilla/5.0 (Macintosh; Intel Mac OS X 10.12; rv:50.0) Gecko/20100101 Firefox/50.0" "AVmEb/y36t5Wqm5oAAAf"
0:0:0:0:0:0:0:1 - - [09/jan/2017:19:14:24 +0100] "GET /dashboard?id=GoRoffaGo HTTP/1.1" 200 4820 "http://localhost:9000/projects" "Mozilla/5.0 (Macintosh; Intel Mac OS X 10.12; rv:50.0) Gecko/20100101 Firefox/50.0" "AVmEb/y36t5Wqm5oAAAg"
0:0:0:0:0:0:0:1 - - [09/jan/2017:19:14:24 +0100] "GET /api/l10n/index?locale=nl&ts=2017-01-09T19%3A14%3A22%2B0100 HTTP/1.1" 304 - "http://localhost:9000/dashboard?id=GoRoffaGo" "Mozilla/5.0 (Macintosh; Intel Mac OS X 10.12; rv:50.0) Gecko/20100101 Firefox/50.0" "AVmEb/y36t5Wqm5oAAAh"
0:0:0:0:0:0:0:1 - - [09/jan/2017:19:14:24 +0100] "GET /api/navigation/global HTTP/1.1" 200 39 "http://localhost:9000/dashboard?id=GoRoffaGo" "Mozilla/5.0 (Macintosh; Intel Mac OS X 10.12; rv:50.0) Gecko/20100101 Firefox/50.0" "AVmEb/y36t5Wqm5oAAAi"
0:0:0:0:0:0:0:1 - - [09/jan/2017:19:14:24 +0100] "GET /api/navigation/component?componentKey=GoRoffaGo HTTP/1.1" 200 276 "http://localhost:9000/dashboard?id=GoRoffaGo" "Mozilla/5.0 (Macintosh; Intel Mac OS X 10.12; rv:50.0) Gecko/20100101 Firefox/50.0" "AVmEb/y36t5Wqm5oAAAj"
0:0:0:0:0:0:0:1 - - [09/jan/2017:19:14:25 +0100] "GET /api/ce/component?componentId=AVmEXE4z-KLmNRwKb4-M HTTP/1.1" 200 423 "http://localhost:9000/dashboard?id=GoRoffaGo" "Mozilla/5.0 (Macintosh; Intel Mac OS X 10.12; rv:50.0) Gecko/20100101 Firefox/50.0" "AVmEb/y36t5Wqm5oAAAk"
0:0:0:0:0:0:0:1 - - [09/jan/2017:19:14:25 +0100] "GET /api/measures/component?additionalFields=metrics%2Cperiods&componentKey=GoRoffaGo&metricKeys=alert_status%2Cquality_gate_details%2Cbugs%2Cnew_bugs%2Creliability_rating%2Cvulnerabilities%2Cnew_vulnerabilities%2Csecurity_rating%2Ccode_smells%2Cnew_code_smells%2Csqale_rating%2Csqale_index%2Cnew_technical_debt%2Ccoverage%2Cnew_coverage%2Cnew_lines_to_cover%2Ctests%2Cduplicated_lines_density%2Cnew_duplicated_lines_density%2Cduplicated_blocks%2Cncloc%2Cncloc_language_distribution%2Cnew_lines HTTP/1.1" 200 - "http://localhost:9000/dashboard?id=GoRoffaGo" "Mozilla/5.0 (Macintosh; Intel Mac OS X 10.12; rv:50.0) Gecko/20100101 Firefox/50.0" "AVmEb/y36t5Wqm5oAAAl"
0:0:0:0:0:0:0:1 - - [09/jan/2017:19:14:25 +0100] "GET /api/languages/list HTTP/1.1" 200 102 "http://localhost:9000/dashboard?id=GoRoffaGo" "Mozilla/5.0 (Macintosh; Intel Mac OS X 10.12; rv:50.0) Gecko/20100101 Firefox/50.0" "AVmEb/y36t5Wqm5oAAAm"
0:0:0:0:0:0:0:1 - - [09/jan/2017:19:14:25 +0100] "GET /api/project_links/search?projectKey=GoRoffaGo HTTP/1.1" 200 12 "http://localhost:9000/dashboard?id=GoRoffaGo" "Mozilla/5.0 (Macintosh; Intel Mac OS X 10.12; rv:50.0) Gecko/20100101 Firefox/50.0" "AVmEb/y36t5Wqm5oAAAo"
0:0:0:0:0:0:0:1 - - [09/jan/2017:19:14:25 +0100] "GET /api/rules/search?qprofile=java-sonar-way-14682&activation=true&statuses=DEPRECATED&ps=1 HTTP/1.1" 200 35 "http://localhost:9000/dashboard?id=GoRoffaGo" "Mozilla/5.0 (Macintosh; Intel Mac OS X 10.12; rv:50.0) Gecko/20100101 Firefox/50.0" "AVmEb/y36t5Wqm5oAAAn"
0:0:0:0:0:0:0:1 - - [09/jan/2017:19:14:25 +0100] "GET /api/events?resource=GoRoffaGo HTTP/1.1" 200 85 "http://localhost:9000/dashboard?id=GoRoffaGo" "Mozilla/5.0 (Macintosh; Intel Mac OS X 10.12; rv:50.0) Gecko/20100101 Firefox/50.0" "AVmEb/y36t5Wqm5oAAAp"
0:0:0:0:0:0:0:1 - - [09/jan/2017:19:14:25 +0100] "GET /api/timemachine/index?resource=GoRoffaGo&metrics=sqale_index%2Cduplicated_lines_density%2Cncloc%2Ccoverage HTTP/1.1" 200 182 "http://localhost:9000/dashboard?id=GoRoffaGo" "Mozilla/5.0 (Macintosh; Intel Mac OS X 10.12; rv:50.0) Gecko/20100101 Firefox/50.0" "AVmEb/y36t5Wqm5oAAAq"
0:0:0:0:0:0:0:1 - - [09/jan/2017:19:14:29 +0100] "GET /component_issues?id=GoRoffaGo HTTP/1.1" 200 4463 "http://localhost:9000/dashboard?id=GoRoffaGo" "Mozilla/5.0 (Macintosh; Intel Mac OS X 10.12; rv:50.0) Gecko/20100101 Firefox/50.0" "AVmEb/y36t5Wqm5oAAAr"
0:0:0:0:0:0:0:1 - - [09/jan/2017:19:14:29 +0100] "GET /api/l10n/index?locale=nl&ts=2017-01-09T19%3A14%3A24%2B0100 HTTP/1.1" 304 - "http://localhost:9000/component_issues?id=GoRoffaGo" "Mozilla/5.0 (Macintosh; Intel Mac OS X 10.12; rv:50.0) Gecko/20100101 Firefox/50.0" "AVmEb/y36t5Wqm5oAAAs"
0:0:0:0:0:0:0:1 - - [09/jan/2017:19:14:29 +0100] "GET /api/navigation/global HTTP/1.1" 200 39 "http://localhost:9000/component_issues?id=GoRoffaGo" "Mozilla/5.0 (Macintosh; Intel Mac OS X 10.12; rv:50.0) Gecko/20100101 Firefox/50.0" "AVmEb/y36t5Wqm5oAAAt"
0:0:0:0:0:0:0:1 - - [09/jan/2017:19:14:29 +0100] "GET /api/navigation/component?componentKey=GoRoffaGo HTTP/1.1" 200 276 "http://localhost:9000/component_issues?id=GoRoffaGo" "Mozilla/5.0 (Macintosh; Intel Mac OS X 10.12; rv:50.0) Gecko/20100101 Firefox/50.0" "AVmEb/y36t5Wqm5oAAAu"
0:0:0:0:0:0:0:1 - - [09/jan/2017:19:14:29 +0100] "GET /api/ce/component?componentId=AVmEXE4z-KLmNRwKb4-M HTTP/1.1" 200 423 "http://localhost:9000/component_issues?id=GoRoffaGo" "Mozilla/5.0 (Macintosh; Intel Mac OS X 10.12; rv:50.0) Gecko/20100101 Firefox/50.0" "AVmEb/y36t5Wqm5oAAAv"
0:0:0:0:0:0:0:1 - - [09/jan/2017:19:14:30 +0100] "GET /api/issues/search?p=1&ps=50&asc=true&additionalFields=_all&facets=types%2Cresolutions&resolved=false&types=CODE_SMELL&componentUuids=AVmEXE4z-KLmNRwKb4-M HTTP/1.1" 200 - "http://localhost:9000/component_issues?id=GoRoffaGo" "Mozilla/5.0 (Macintosh; Intel Mac OS X 10.12; rv:50.0) Gecko/20100101 Firefox/50.0" "AVmEb/y36t5Wqm5oAAAw"
0:0:0:0:0:0:0:1 - - [09/jan/2017:19:14:33 +0100] "GET /api/components/app?uuid=AVmEXFKHVymP4Z8Tcnr_ HTTP/1.1" 200 269 "http://localhost:9000/component_issues?id=GoRoffaGo" "Mozilla/5.0 (Macintosh; Intel Mac OS X 10.12; rv:50.0) Gecko/20100101 Firefox/50.0" "AVmEb/y36t5Wqm5oAAAx"
0:0:0:0:0:0:0:1 - - [09/jan/2017:19:14:33 +0100] "GET /api/sources/lines?uuid=AVmEXFKHVymP4Z8Tcnr_&from=1&to=1000 HTTP/1.1" 200 - "http://localhost:9000/component_issues?id=GoRoffaGo" "Mozilla/5.0 (Macintosh; Intel Mac OS X 10.12; rv:50.0) Gecko/20100101 Firefox/50.0" "AVmEb/y36t5Wqm5oAAAy"
0:0:0:0:0:0:0:1 - - [09/jan/2017:19:14:53 +0100] "GET /api/components/app?uuid=AVmEXFKHVymP4Z8TcnsF HTTP/1.1" 200 273 "http://localhost:9000/component_issues?id=GoRoffaGo" "Mozilla/5.0 (Macintosh; Intel Mac OS X 10.12; rv:50.0) Gecko/20100101 Firefox/50.0" "AVmEb/y36t5Wqm5oAAAz"
0:0:0:0:0:0:0:1 - - [09/jan/2017:19:14:53 +0100] "GET /api/sources/lines?uuid=AVmEXFKHVymP4Z8TcnsF&from=1&to=1000 HTTP/1.1" 200 - "http://localhost:9000/component_issues?id=GoRoffaGo" "Mozilla/5.0 (Macintosh; Intel Mac OS X 10.12; rv:50.0) Gecko/20100101 Firefox/50.0" "AVmEb/y36t5Wqm5oAAA0"
0:0:0:0:0:0:0:1 - - [09/jan/2017:19:14:55 +0100] "GET /api/components/app?uuid=AVmEXFKHVymP4Z8Tcnr_ HTTP/1.1" 200 269 "http://localhost:9000/component_issues?id=GoRoffaGo" "Mozilla/5.0 (Macintosh; Intel Mac OS X 10.12; rv:50.0) Gecko/20100101 Firefox/50.0" "AVmEb/y36t5Wqm5oAAA1"
0:0:0:0:0:0:0:1 - - [09/jan/2017:19:14:56 +0100] "GET /api/sources/lines?uuid=AVmEXFKHVymP4Z8Tcnr_&from=1&to=1000 HTTP/1.1" 200 - "http://localhost:9000/component_issues?id=GoRoffaGo" "Mozilla/5.0 (Macintosh; Intel Mac OS X 10.12; rv:50.0) Gecko/20100101 Firefox/50.0" "AVmEb/y36t5Wqm5oAAA2"
0:0:0:0:0:0:0:1 - - [09/jan/2017:19:17:53 +0100] "GET /dashboard?id=Casper HTTP/1.1" 404 1039 "-" "Mozilla/5.0 (Macintosh; Intel Mac OS X 10.12; rv:50.0) Gecko/20100101 Firefox/50.0" "AVmEb/y36t5Wqm5oAAA3"
0:0:0:0:0:0:0:1 - - [09/jan/2017:19:18:08 +0100] "GET /dashboard?id=Casper HTTP/1.1" 404 1039 "-" "Mozilla/5.0 (Macintosh; Intel Mac OS X 10.12; rv:50.0) Gecko/20100101 Firefox/50.0" "AVmEb/y36t5Wqm5oAAA4"
127.0.0.1 - - [09/jan/2017:19:18:49 +0100] "GET /batch_bootstrap/index HTTP/1.1" 302 - "-" "SonarQubeScanner/2.8" "AVmEb/y36t5Wqm5oAAA5"
127.0.0.1 - - [09/jan/2017:19:18:49 +0100] "GET /batch/index HTTP/1.1" 200 - "-" "SonarQubeScanner/2.8" "AVmEb/y36t5Wqm5oAAA6"
127.0.0.1 - - [09/jan/2017:19:18:54 +0100] "GET /batch/global HTTP/1.1" 200 - "-" "null/null" "AVmEb/y36t5Wqm5oAAA7"
127.0.0.1 - - [09/jan/2017:19:18:55 +0100] "GET /deploy/plugins/index.txt HTTP/1.1" 200 395 "-" "null/null" "-"
127.0.0.1 - - [09/jan/2017:19:19:00 +0100] "GET /batch/project.protobuf?key=GoRoffaGo HTTP/1.1" 200 2912 "-" "null/null" "AVmEb/y36t5Wqm5oAAA8"
127.0.0.1 - - [09/jan/2017:19:19:00 +0100] "GET /api/qualityprofiles/search.protobuf?projectKey=GoRoffaGo HTTP/1.1" 200 266 "-" "null/null" "AVmEb/y36t5Wqm5oAAA9"
127.0.0.1 - - [09/jan/2017:19:19:01 +0100] "GET /api/rules/search.protobuf?f=repo,name,severity,lang,internalKey,templateKey,params,actives&activation=true&qprofile=cs-sonar-way-85654&p=1&ps=500 HTTP/1.1" 200 - "-" "null/null" "AVmEb/y36t5Wqm5oAAA+"
127.0.0.1 - - [09/jan/2017:19:19:01 +0100] "GET /api/rules/search.protobuf?f=repo,name,severity,lang,internalKey,templateKey,params,actives&activation=true&qprofile=java-sonar-way-14682&p=1&ps=500 HTTP/1.1" 200 - "-" "null/null" "AVmEb/y36t5Wqm5oAAA/"
127.0.0.1 - - [09/jan/2017:19:19:01 +0100] "GET /api/rules/search.protobuf?f=repo,name,severity,lang,internalKey,templateKey,params,actives&activation=true&qprofile=js-sonar-way-99213&p=1&ps=500 HTTP/1.1" 200 - "-" "null/null" "AVmEb/y36t5Wqm5oAABA"
127.0.0.1 - - [09/jan/2017:19:19:01 +0100] "GET /api/rules/list.protobuf HTTP/1.1" 200 - "-" "null/null" "AVmEb/y36t5Wqm5oAABB"
127.0.0.1 - - [09/jan/2017:19:19:06 +0100] "POST /api/ce/submit?projectKey=GoRoffaGo HTTP/1.1" 200 44 "-" "null/null" "AVmEb/y36t5Wqm5oAABC"
0:0:0:0:0:0:0:1 - - [09/jan/2017:19:19:11 +0100] "GET /dashboard?id=GoRoffaGo HTTP/1.1" 200 4820 "-" "Mozilla/5.0 (Macintosh; Intel Mac OS X 10.12; rv:50.0) Gecko/20100101 Firefox/50.0" "AVmEb/y36t5Wqm5oAABD"
0:0:0:0:0:0:0:1 - - [09/jan/2017:19:19:12 +0100] "GET /api/l10n/index?locale=nl&ts=2017-01-09T19%3A14%3A29%2B0100 HTTP/1.1" 304 - "http://localhost:9000/dashboard?id=GoRoffaGo" "Mozilla/5.0 (Macintosh; Intel Mac OS X 10.12; rv:50.0) Gecko/20100101 Firefox/50.0" "AVmEb/y36t5Wqm5oAABE"
0:0:0:0:0:0:0:1 - - [09/jan/2017:19:19:12 +0100] "GET /api/navigation/global HTTP/1.1" 200 39 "http://localhost:9000/dashboard?id=GoRoffaGo" "Mozilla/5.0 (Macintosh; Intel Mac OS X 10.12; rv:50.0) Gecko/20100101 Firefox/50.0" "AVmEb/y36t5Wqm5oAABF"
0:0:0:0:0:0:0:1 - - [09/jan/2017:19:19:12 +0100] "GET /api/navigation/component?componentKey=GoRoffaGo HTTP/1.1" 200 276 "http://localhost:9000/dashboard?id=GoRoffaGo" "Mozilla/5.0 (Macintosh; Intel Mac OS X 10.12; rv:50.0) Gecko/20100101 Firefox/50.0" "AVmEb/y36t5Wqm5oAABG"
0:0:0:0:0:0:0:1 - - [09/jan/2017:19:19:12 +0100] "GET /api/ce/component?componentId=AVmEXE4z-KLmNRwKb4-M HTTP/1.1" 200 423 "http://localhost:9000/dashboard?id=GoRoffaGo" "Mozilla/5.0 (Macintosh; Intel Mac OS X 10.12; rv:50.0) Gecko/20100101 Firefox/50.0" "AVmEb/y36t5Wqm5oAABH"
0:0:0:0:0:0:0:1 - - [09/jan/2017:19:19:12 +0100] "GET /api/measures/component?additionalFields=metrics%2Cperiods&componentKey=GoRoffaGo&metricKeys=alert_status%2Cquality_gate_details%2Cbugs%2Cnew_bugs%2Creliability_rating%2Cvulnerabilities%2Cnew_vulnerabilities%2Csecurity_rating%2Ccode_smells%2Cnew_code_smells%2Csqale_rating%2Csqale_index%2Cnew_technical_debt%2Ccoverage%2Cnew_coverage%2Cnew_lines_to_cover%2Ctests%2Cduplicated_lines_density%2Cnew_duplicated_lines_density%2Cduplicated_blocks%2Cncloc%2Cncloc_language_distribution%2Cnew_lines HTTP/1.1" 200 - "http://localhost:9000/dashboard?id=GoRoffaGo" "Mozilla/5.0 (Macintosh; Intel Mac OS X 10.12; rv:50.0) Gecko/20100101 Firefox/50.0" "AVmEb/y36t5Wqm5oAABI"
0:0:0:0:0:0:0:1 - - [09/jan/2017:19:19:12 +0100] "GET /api/languages/list HTTP/1.1" 200 102 "http://localhost:9000/dashboard?id=GoRoffaGo" "Mozilla/5.0 (Macintosh; Intel Mac OS X 10.12; rv:50.0) Gecko/20100101 Firefox/50.0" "AVmEb/y36t5Wqm5oAABJ"
0:0:0:0:0:0:0:1 - - [09/jan/2017:19:19:12 +0100] "GET /api/rules/search?qprofile=java-sonar-way-14682&activation=true&statuses=DEPRECATED&ps=1 HTTP/1.1" 200 35 "http://localhost:9000/dashboard?id=GoRoffaGo" "Mozilla/5.0 (Macintosh; Intel Mac OS X 10.12; rv:50.0) Gecko/20100101 Firefox/50.0" "AVmEb/y36t5Wqm5oAABK"
0:0:0:0:0:0:0:1 - - [09/jan/2017:19:19:12 +0100] "GET /api/project_links/search?projectKey=GoRoffaGo HTTP/1.1" 200 12 "http://localhost:9000/dashboard?id=GoRoffaGo" "Mozilla/5.0 (Macintosh; Intel Mac OS X 10.12; rv:50.0) Gecko/20100101 Firefox/50.0" "AVmEb/y36t5Wqm5oAABL"
0:0:0:0:0:0:0:1 - - [09/jan/2017:19:19:12 +0100] "GET /api/timemachine/index?resource=GoRoffaGo&metrics=sqale_index%2Cduplicated_lines_density%2Cncloc%2Ccoverage HTTP/1.1" 200 238 "http://localhost:9000/dashboard?id=GoRoffaGo" "Mozilla/5.0 (Macintosh; Intel Mac OS X 10.12; rv:50.0) Gecko/20100101 Firefox/50.0" "AVmEb/y36t5Wqm5oAABN"
0:0:0:0:0:0:0:1 - - [09/jan/2017:19:19:12 +0100] "GET /api/events?resource=GoRoffaGo HTTP/1.1" 200 85 "http://localhost:9000/dashboard?id=GoRoffaGo" "Mozilla/5.0 (Macintosh; Intel Mac OS X 10.12; rv:50.0) Gecko/20100101 Firefox/50.0" "AVmEb/y36t5Wqm5oAABM"
0:0:0:0:0:0:0:1 - - [09/jan/2017:19:19:14 +0100] "GET /component_issues?id=GoRoffaGo HTTP/1.1" 200 4463 "http://localhost:9000/dashboard?id=GoRoffaGo" "Mozilla/5.0 (Macintosh; Intel Mac OS X 10.12; rv:50.0) Gecko/20100101 Firefox/50.0" "AVmEb/y36t5Wqm5oAABO"
0:0:0:0:0:0:0:1 - - [09/jan/2017:19:19:15 +0100] "GET /api/l10n/index?locale=nl&ts=2017-01-09T19%3A19%3A12%2B0100 HTTP/1.1" 304 - "http://localhost:9000/component_issues?id=GoRoffaGo" "Mozilla/5.0 (Macintosh; Intel Mac OS X 10.12; rv:50.0) Gecko/20100101 Firefox/50.0" "AVmEb/y36t5Wqm5oAABP"
0:0:0:0:0:0:0:1 - - [09/jan/2017:19:19:15 +0100] "GET /api/navigation/global HTTP/1.1" 200 39 "http://localhost:9000/component_issues?id=GoRoffaGo" "Mozilla/5.0 (Macintosh; Intel Mac OS X 10.12; rv:50.0) Gecko/20100101 Firefox/50.0" "AVmEb/y36t5Wqm5oAABQ"
0:0:0:0:0:0:0:1 - - [09/jan/2017:19:19:15 +0100] "GET /api/navigation/component?componentKey=GoRoffaGo HTTP/1.1" 200 276 "http://localhost:9000/component_issues?id=GoRoffaGo" "Mozilla/5.0 (Macintosh; Intel Mac OS X 10.12; rv:50.0) Gecko/20100101 Firefox/50.0" "AVmEb/y36t5Wqm5oAABR"
0:0:0:0:0:0:0:1 - - [09/jan/2017:19:19:15 +0100] "GET /api/ce/component?componentId=AVmEXE4z-KLmNRwKb4-M HTTP/1.1" 200 423 "http://localhost:9000/component_issues?id=GoRoffaGo" "Mozilla/5.0 (Macintosh; Intel Mac OS X 10.12; rv:50.0) Gecko/20100101 Firefox/50.0" "AVmEb/y36t5Wqm5oAABS"
0:0:0:0:0:0:0:1 - - [09/jan/2017:19:19:15 +0100] "GET /api/issues/search?p=1&ps=50&asc=true&additionalFields=_all&facets=types%2Cresolutions&resolved=false&types=CODE_SMELL&componentUuids=AVmEXE4z-KLmNRwKb4-M HTTP/1.1" 200 - "http://localhost:9000/component_issues?id=GoRoffaGo" "Mozilla/5.0 (Macintosh; Intel Mac OS X 10.12; rv:50.0) Gecko/20100101 Firefox/50.0" "AVmEb/y36t5Wqm5oAABT"
127.0.0.1 - - [09/jan/2017:19:28:57 +0100] "GET /batch_bootstrap/index HTTP/1.1" 302 - "-" "SonarQubeScanner/2.8" "AVmEb/y36t5Wqm5oAABU"
127.0.0.1 - - [09/jan/2017:19:28:57 +0100] "GET /batch/index HTTP/1.1" 200 - "-" "SonarQubeScanner/2.8" "AVmEb/y36t5Wqm5oAABV"
127.0.0.1 - - [09/jan/2017:19:29:04 +0100] "GET /batch/global HTTP/1.1" 200 - "-" "null/null" "AVmEb/y36t5Wqm5oAABW"
127.0.0.1 - - [09/jan/2017:19:29:04 +0100] "GET /deploy/plugins/index.txt HTTP/1.1" 200 395 "-" "null/null" "-"
127.0.0.1 - - [09/jan/2017:19:29:11 +0100] "GET /batch/project.protobuf?key=GoRoffaGo HTTP/1.1" 200 2870 "-" "null/null" "AVmEb/y36t5Wqm5oAABX"
127.0.0.1 - - [09/jan/2017:19:29:12 +0100] "GET /api/qualityprofiles/search.protobuf?projectKey=GoRoffaGo HTTP/1.1" 200 266 "-" "null/null" "AVmEb/y36t5Wqm5oAABY"
127.0.0.1 - - [09/jan/2017:19:29:12 +0100] "GET /api/rules/search.protobuf?f=repo,name,severity,lang,internalKey,templateKey,params,actives&activation=true&qprofile=cs-sonar-way-85654&p=1&ps=500 HTTP/1.1" 200 - "-" "null/null" "AVmEb/y36t5Wqm5oAABZ"
127.0.0.1 - - [09/jan/2017:19:29:12 +0100] "GET /api/rules/search.protobuf?f=repo,name,severity,lang,internalKey,templateKey,params,actives&activation=true&qprofile=java-sonar-way-14682&p=1&ps=500 HTTP/1.1" 200 - "-" "null/null" "AVmEb/y36t5Wqm5oAABa"
127.0.0.1 - - [09/jan/2017:19:29:12 +0100] "GET /api/rules/search.protobuf?f=repo,name,severity,lang,internalKey,templateKey,params,actives&activation=true&qprofile=js-sonar-way-99213&p=1&ps=500 HTTP/1.1" 200 - "-" "null/null" "AVmEb/y36t5Wqm5oAABb"
127.0.0.1 - - [09/jan/2017:19:29:13 +0100] "GET /api/rules/list.protobuf HTTP/1.1" 200 - "-" "null/null" "AVmEb/y36t5Wqm5oAABc"
127.0.0.1 - - [09/jan/2017:19:29:22 +0100] "POST /api/ce/submit?projectKey=GoRoffaGo HTTP/1.1" 200 44 "-" "null/null" "AVmEb/y36t5Wqm5oAABd"
0:0:0:0:0:0:0:1 - - [09/jan/2017:19:29:28 +0100] "GET /dashboard?id=GoRoffaGo HTTP/1.1" 200 4820 "-" "Mozilla/5.0 (Macintosh; Intel Mac OS X 10.12; rv:50.0) Gecko/20100101 Firefox/50.0" "AVmEb/y36t5Wqm5oAABe"
0:0:0:0:0:0:0:1 - - [09/jan/2017:19:29:28 +0100] "GET /api/l10n/index?locale=nl&ts=2017-01-09T19%3A19%3A15%2B0100 HTTP/1.1" 304 - "http://localhost:9000/dashboard?id=GoRoffaGo" "Mozilla/5.0 (Macintosh; Intel Mac OS X 10.12; rv:50.0) Gecko/20100101 Firefox/50.0" "AVmEb/y36t5Wqm5oAABf"
0:0:0:0:0:0:0:1 - - [09/jan/2017:19:29:28 +0100] "GET /api/navigation/global HTTP/1.1" 200 39 "http://localhost:9000/dashboard?id=GoRoffaGo" "Mozilla/5.0 (Macintosh; Intel Mac OS X 10.12; rv:50.0) Gecko/20100101 Firefox/50.0" "AVmEb/y36t5Wqm5oAABg"
0:0:0:0:0:0:0:1 - - [09/jan/2017:19:29:28 +0100] "GET /api/navigation/component?componentKey=GoRoffaGo HTTP/1.1" 200 276 "http://localhost:9000/dashboard?id=GoRoffaGo" "Mozilla/5.0 (Macintosh; Intel Mac OS X 10.12; rv:50.0) Gecko/20100101 Firefox/50.0" "AVmEb/y36t5Wqm5oAABh"
0:0:0:0:0:0:0:1 - - [09/jan/2017:19:29:28 +0100] "GET /api/ce/component?componentId=AVmEXE4z-KLmNRwKb4-M HTTP/1.1" 200 423 "http://localhost:9000/dashboard?id=GoRoffaGo" "Mozilla/5.0 (Macintosh; Intel Mac OS X 10.12; rv:50.0) Gecko/20100101 Firefox/50.0" "AVmEb/y36t5Wqm5oAABi"
0:0:0:0:0:0:0:1 - - [09/jan/2017:19:29:28 +0100] "GET /api/measures/component?additionalFields=metrics%2Cperiods&componentKey=GoRoffaGo&metricKeys=alert_status%2Cquality_gate_details%2Cbugs%2Cnew_bugs%2Creliability_rating%2Cvulnerabilities%2Cnew_vulnerabilities%2Csecurity_rating%2Ccode_smells%2Cnew_code_smells%2Csqale_rating%2Csqale_index%2Cnew_technical_debt%2Ccoverage%2Cnew_coverage%2Cnew_lines_to_cover%2Ctests%2Cduplicated_lines_density%2Cnew_duplicated_lines_density%2Cduplicated_blocks%2Cncloc%2Cncloc_language_distribution%2Cnew_lines HTTP/1.1" 200 - "http://localhost:9000/dashboard?id=GoRoffaGo" "Mozilla/5.0 (Macintosh; Intel Mac OS X 10.12; rv:50.0) Gecko/20100101 Firefox/50.0" "AVmEb/y36t5Wqm5oAABj"
0:0:0:0:0:0:0:1 - - [09/jan/2017:19:29:28 +0100] "GET /api/languages/list HTTP/1.1" 200 102 "http://localhost:9000/dashboard?id=GoRoffaGo" "Mozilla/5.0 (Macintosh; Intel Mac OS X 10.12; rv:50.0) Gecko/20100101 Firefox/50.0" "AVmEb/y36t5Wqm5oAABk"
0:0:0:0:0:0:0:1 - - [09/jan/2017:19:29:28 +0100] "GET /api/rules/search?qprofile=java-sonar-way-14682&activation=true&statuses=DEPRECATED&ps=1 HTTP/1.1" 200 35 "http://localhost:9000/dashboard?id=GoRoffaGo" "Mozilla/5.0 (Macintosh; Intel Mac OS X 10.12; rv:50.0) Gecko/20100101 Firefox/50.0" "AVmEb/y36t5Wqm5oAABl"
0:0:0:0:0:0:0:1 - - [09/jan/2017:19:29:28 +0100] "GET /api/project_links/search?projectKey=GoRoffaGo HTTP/1.1" 200 12 "http://localhost:9000/dashboard?id=GoRoffaGo" "Mozilla/5.0 (Macintosh; Intel Mac OS X 10.12; rv:50.0) Gecko/20100101 Firefox/50.0" "AVmEb/y36t5Wqm5oAABm"
0:0:0:0:0:0:0:1 - - [09/jan/2017:19:29:29 +0100] "GET /api/events?resource=GoRoffaGo HTTP/1.1" 200 85 "http://localhost:9000/dashboard?id=GoRoffaGo" "Mozilla/5.0 (Macintosh; Intel Mac OS X 10.12; rv:50.0) Gecko/20100101 Firefox/50.0" "AVmEb/y36t5Wqm5oAABn"
0:0:0:0:0:0:0:1 - - [09/jan/2017:19:29:29 +0100] "GET /api/timemachine/index?resource=GoRoffaGo&metrics=sqale_index%2Cduplicated_lines_density%2Cncloc%2Ccoverage HTTP/1.1" 200 294 "http://localhost:9000/dashboard?id=GoRoffaGo" "Mozilla/5.0 (Macintosh; Intel Mac OS X 10.12; rv:50.0) Gecko/20100101 Firefox/50.0" "AVmEb/y36t5Wqm5oAABo"
0:0:0:0:0:0:0:1 - - [09/jan/2017:19:29:31 +0100] "GET /component_issues?id=GoRoffaGo HTTP/1.1" 200 4463 "http://localhost:9000/dashboard?id=GoRoffaGo" "Mozilla/5.0 (Macintosh; Intel Mac OS X 10.12; rv:50.0) Gecko/20100101 Firefox/50.0" "AVmEb/y36t5Wqm5oAABp"
0:0:0:0:0:0:0:1 - - [09/jan/2017:19:29:31 +0100] "GET /api/l10n/index?locale=nl&ts=2017-01-09T19%3A29%3A28%2B0100 HTTP/1.1" 304 - "http://localhost:9000/component_issues?id=GoRoffaGo" "Mozilla/5.0 (Macintosh; Intel Mac OS X 10.12; rv:50.0) Gecko/20100101 Firefox/50.0" "AVmEb/y36t5Wqm5oAABq"
0:0:0:0:0:0:0:1 - - [09/jan/2017:19:29:31 +0100] "GET /api/navigation/global HTTP/1.1" 200 39 "http://localhost:9000/component_issues?id=GoRoffaGo" "Mozilla/5.0 (Macintosh; Intel Mac OS X 10.12; rv:50.0) Gecko/20100101 Firefox/50.0" "AVmEb/y36t5Wqm5oAABr"
0:0:0:0:0:0:0:1 - - [09/jan/2017:19:29:31 +0100] "GET /api/navigation/component?componentKey=GoRoffaGo HTTP/1.1" 200 276 "http://localhost:9000/component_issues?id=GoRoffaGo" "Mozilla/5.0 (Macintosh; Intel Mac OS X 10.12; rv:50.0) Gecko/20100101 Firefox/50.0" "AVmEb/y36t5Wqm5oAABs"
0:0:0:0:0:0:0:1 - - [09/jan/2017:19:29:31 +0100] "GET /api/ce/component?componentId=AVmEXE4z-KLmNRwKb4-M HTTP/1.1" 200 423 "http://localhost:9000/component_issues?id=GoRoffaGo" "Mozilla/5.0 (Macintosh; Intel Mac OS X 10.12; rv:50.0) Gecko/20100101 Firefox/50.0" "AVmEb/y36t5Wqm5oAABt"
0:0:0:0:0:0:0:1 - - [09/jan/2017:19:29:31 +0100] "GET /api/issues/search?p=1&ps=50&asc=true&additionalFields=_all&facets=types%2Cresolutions&resolved=false&types=CODE_SMELL&componentUuids=AVmEXE4z-KLmNRwKb4-M HTTP/1.1" 200 - "http://localhost:9000/component_issues?id=GoRoffaGo" "Mozilla/5.0 (Macintosh; Intel Mac OS X 10.12; rv:50.0) Gecko/20100101 Firefox/50.0" "AVmEb/y36t5Wqm5oAABu"
0:0:0:0:0:0:0:1 - - [09/jan/2017:19:30:51 +0100] "GET /dashboard?id=Casper HTTP/1.1" 404 1039 "-" "Mozilla/5.0 (Macintosh; Intel Mac OS X 10.12; rv:50.0) Gecko/20100101 Firefox/50.0" "AVmEb/y36t5Wqm5oAABv"
127.0.0.1 - - [09/jan/2017:20:04:19 +0100] "GET /batch_bootstrap/index HTTP/1.1" 302 - "-" "SonarQubeScanner/2.8" "AVmEne1gk6nSIXyaAAAA"
127.0.0.1 - - [09/jan/2017:20:04:19 +0100] "GET /batch/index HTTP/1.1" 200 - "-" "SonarQubeScanner/2.8" "AVmEne1gk6nSIXyaAAAB"
127.0.0.1 - - [09/jan/2017:20:04:25 +0100] "GET /batch/global HTTP/1.1" 200 - "-" "null/null" "AVmEne1gk6nSIXyaAAAC"
127.0.0.1 - - [09/jan/2017:20:04:25 +0100] "GET /deploy/plugins/index.txt HTTP/1.1" 200 395 "-" "null/null" "-"
127.0.0.1 - - [09/jan/2017:20:04:31 +0100] "GET /batch/project.protobuf?key=Game1 HTTP/1.1" 200 687 "-" "null/null" "AVmEne1gk6nSIXyaAAAD"
127.0.0.1 - - [09/jan/2017:20:04:31 +0100] "GET /api/qualityprofiles/search.protobuf?projectKey=Game1 HTTP/1.1" 200 266 "-" "null/null" "AVmEne1gk6nSIXyaAAAE"
127.0.0.1 - - [09/jan/2017:20:04:31 +0100] "GET /api/rules/search.protobuf?f=repo,name,severity,lang,internalKey,templateKey,params,actives&activation=true&qprofile=cs-sonar-way-85654&p=1&ps=500 HTTP/1.1" 200 - "-" "null/null" "AVmEne1gk6nSIXyaAAAF"
127.0.0.1 - - [09/jan/2017:20:04:32 +0100] "GET /api/rules/search.protobuf?f=repo,name,severity,lang,internalKey,templateKey,params,actives&activation=true&qprofile=java-sonar-way-14682&p=1&ps=500 HTTP/1.1" 200 - "-" "null/null" "AVmEne1gk6nSIXyaAAAG"
127.0.0.1 - - [09/jan/2017:20:04:32 +0100] "GET /api/rules/search.protobuf?f=repo,name,severity,lang,internalKey,templateKey,params,actives&activation=true&qprofile=js-sonar-way-99213&p=1&ps=500 HTTP/1.1" 200 - "-" "null/null" "AVmEne1gk6nSIXyaAAAH"
127.0.0.1 - - [09/jan/2017:20:04:32 +0100] "GET /api/rules/list.protobuf HTTP/1.1" 200 - "-" "null/null" "AVmEne1gk6nSIXyaAAAI"
127.0.0.1 - - [09/jan/2017:20:04:36 +0100] "POST /api/ce/submit?projectKey=Game1 HTTP/1.1" 200 44 "-" "null/null" "AVmEne1gk6nSIXyaAAAJ"
0:0:0:0:0:0:0:1 - - [09/jan/2017:20:04:42 +0100] "GET /dashboard?id=Game1 HTTP/1.1" 200 4808 "-" "Mozilla/5.0 (Macintosh; Intel Mac OS X 10.12; rv:50.0) Gecko/20100101 Firefox/50.0" "AVmEne1gk6nSIXyaAAAK"
0:0:0:0:0:0:0:1 - - [09/jan/2017:20:04:42 +0100] "GET /api/l10n/index?locale=nl&ts=2017-01-09T19%3A29%3A31%2B0100 HTTP/1.1" 200 - "http://localhost:9000/dashboard?id=Game1" "Mozilla/5.0 (Macintosh; Intel Mac OS X 10.12; rv:50.0) Gecko/20100101 Firefox/50.0" "AVmEne1gk6nSIXyaAAAL"
0:0:0:0:0:0:0:1 - - [09/jan/2017:20:04:42 +0100] "GET /api/navigation/global HTTP/1.1" 200 39 "http://localhost:9000/dashboard?id=Game1" "Mozilla/5.0 (Macintosh; Intel Mac OS X 10.12; rv:50.0) Gecko/20100101 Firefox/50.0" "AVmEne1gk6nSIXyaAAAM"
0:0:0:0:0:0:0:1 - - [09/jan/2017:20:04:42 +0100] "GET /api/navigation/component?componentKey=Game1 HTTP/1.1" 200 260 "http://localhost:9000/dashboard?id=Game1" "Mozilla/5.0 (Macintosh; Intel Mac OS X 10.12; rv:50.0) Gecko/20100101 Firefox/50.0" "AVmEne1gk6nSIXyaAAAN"
0:0:0:0:0:0:0:1 - - [09/jan/2017:20:04:42 +0100] "GET /api/ce/component?componentId=AVmEWcfe-KLmNRwKb4-K HTTP/1.1" 200 415 "http://localhost:9000/dashboard?id=Game1" "Mozilla/5.0 (Macintosh; Intel Mac OS X 10.12; rv:50.0) Gecko/20100101 Firefox/50.0" "AVmEne1gk6nSIXyaAAAO"
0:0:0:0:0:0:0:1 - - [09/jan/2017:20:04:42 +0100] "GET /api/measures/component?additionalFields=metrics%2Cperiods&componentKey=Game1&metricKeys=alert_status%2Cquality_gate_details%2Cbugs%2Cnew_bugs%2Creliability_rating%2Cvulnerabilities%2Cnew_vulnerabilities%2Csecurity_rating%2Ccode_smells%2Cnew_code_smells%2Csqale_rating%2Csqale_index%2Cnew_technical_debt%2Ccoverage%2Cnew_coverage%2Cnew_lines_to_cover%2Ctests%2Cduplicated_lines_density%2Cnew_duplicated_lines_density%2Cduplicated_blocks%2Cncloc%2Cncloc_language_distribution%2Cnew_lines HTTP/1.1" 200 - "http://localhost:9000/dashboard?id=Game1" "Mozilla/5.0 (Macintosh; Intel Mac OS X 10.12; rv:50.0) Gecko/20100101 Firefox/50.0" "AVmEne1gk6nSIXyaAAAP"
0:0:0:0:0:0:0:1 - - [09/jan/2017:20:04:42 +0100] "GET /api/languages/list HTTP/1.1" 200 102 "http://localhost:9000/dashboard?id=Game1" "Mozilla/5.0 (Macintosh; Intel Mac OS X 10.12; rv:50.0) Gecko/20100101 Firefox/50.0" "AVmEne1gk6nSIXyaAAAQ"
0:0:0:0:0:0:0:1 - - [09/jan/2017:20:04:42 +0100] "GET /api/rules/search?qprofile=java-sonar-way-14682&activation=true&statuses=DEPRECATED&ps=1 HTTP/1.1" 200 35 "http://localhost:9000/dashboard?id=Game1" "Mozilla/5.0 (Macintosh; Intel Mac OS X 10.12; rv:50.0) Gecko/20100101 Firefox/50.0" "AVmEne1gk6nSIXyaAAAR"
0:0:0:0:0:0:0:1 - - [09/jan/2017:20:04:42 +0100] "GET /api/project_links/search?projectKey=Game1 HTTP/1.1" 200 12 "http://localhost:9000/dashboard?id=Game1" "Mozilla/5.0 (Macintosh; Intel Mac OS X 10.12; rv:50.0) Gecko/20100101 Firefox/50.0" "AVmEne1gk6nSIXyaAAAS"
0:0:0:0:0:0:0:1 - - [09/jan/2017:20:04:43 +0100] "GET /api/timemachine/index?resource=Game1&metrics=sqale_index%2Cduplicated_lines_density%2Cncloc%2Ccoverage HTTP/1.1" 200 234 "http://localhost:9000/dashboard?id=Game1" "Mozilla/5.0 (Macintosh; Intel Mac OS X 10.12; rv:50.0) Gecko/20100101 Firefox/50.0" "AVmEne1gk6nSIXyaAAAT"
0:0:0:0:0:0:0:1 - - [09/jan/2017:20:04:43 +0100] "GET /api/events?resource=Game1 HTTP/1.1" 200 81 "http://localhost:9000/dashboard?id=Game1" "Mozilla/5.0 (Macintosh; Intel Mac OS X 10.12; rv:50.0) Gecko/20100101 Firefox/50.0" "AVmEne1gk6nSIXyaAAAU"
0:0:0:0:0:0:0:1 - - [09/jan/2017:20:18:00 +0100] "GET /component_issues?id=Game1 HTTP/1.1" 200 4451 "http://localhost:9000/dashboard?id=Game1" "Mozilla/5.0 (Macintosh; Intel Mac OS X 10.12; rv:50.0) Gecko/20100101 Firefox/50.0" "AVmEne1gk6nSIXyaAAAV"
0:0:0:0:0:0:0:1 - - [09/jan/2017:20:18:00 +0100] "GET /api/l10n/index?locale=nl&ts=2017-01-09T20%3A04%3A42%2B0100 HTTP/1.1" 304 - "http://localhost:9000/component_issues?id=Game1" "Mozilla/5.0 (Macintosh; Intel Mac OS X 10.12; rv:50.0) Gecko/20100101 Firefox/50.0" "AVmEne1gk6nSIXyaAAAW"
0:0:0:0:0:0:0:1 - - [09/jan/2017:20:18:00 +0100] "GET /api/navigation/global HTTP/1.1" 200 39 "http://localhost:9000/component_issues?id=Game1" "Mozilla/5.0 (Macintosh; Intel Mac OS X 10.12; rv:50.0) Gecko/20100101 Firefox/50.0" "AVmEne1gk6nSIXyaAAAX"
0:0:0:0:0:0:0:1 - - [09/jan/2017:20:18:00 +0100] "GET /api/navigation/component?componentKey=Game1 HTTP/1.1" 200 260 "http://localhost:9000/component_issues?id=Game1" "Mozilla/5.0 (Macintosh; Intel Mac OS X 10.12; rv:50.0) Gecko/20100101 Firefox/50.0" "AVmEne1gk6nSIXyaAAAY"
0:0:0:0:0:0:0:1 - - [09/jan/2017:20:18:00 +0100] "GET /api/ce/component?componentId=AVmEWcfe-KLmNRwKb4-K HTTP/1.1" 200 415 "http://localhost:9000/component_issues?id=Game1" "Mozilla/5.0 (Macintosh; Intel Mac OS X 10.12; rv:50.0) Gecko/20100101 Firefox/50.0" "AVmEne1gk6nSIXyaAAAZ"
0:0:0:0:0:0:0:1 - - [09/jan/2017:20:18:00 +0100] "GET /api/issues/search?p=1&ps=50&asc=true&additionalFields=_all&facets=types%2Cresolutions&resolved=false&types=CODE_SMELL&componentUuids=AVmEWcfe-KLmNRwKb4-K HTTP/1.1" 200 - "http://localhost:9000/component_issues?id=Game1" "Mozilla/5.0 (Macintosh; Intel Mac OS X 10.12; rv:50.0) Gecko/20100101 Firefox/50.0" "AVmEne1gk6nSIXyaAAAa"
0:0:0:0:0:0:0:1 - - [09/jan/2017:20:18:08 +0100] "GET /api/components/app?uuid=AVmEWdESVymP4Z8Tcnrr HTTP/1.1" 200 264 "http://localhost:9000/component_issues?id=Game1" "Mozilla/5.0 (Macintosh; Intel Mac OS X 10.12; rv:50.0) Gecko/20100101 Firefox/50.0" "AVmEne1gk6nSIXyaAAAb"
0:0:0:0:0:0:0:1 - - [09/jan/2017:20:18:08 +0100] "GET /api/sources/lines?uuid=AVmEWdESVymP4Z8Tcnrr&from=1&to=1000 HTTP/1.1" 200 - "http://localhost:9000/component_issues?id=Game1" "Mozilla/5.0 (Macintosh; Intel Mac OS X 10.12; rv:50.0) Gecko/20100101 Firefox/50.0" "AVmEne1gk6nSIXyaAAAc"
0:0:0:0:0:0:0:1 - - [09/jan/2017:20:18:08 +0100] "GET /api/issues/search?p=2&ps=50&asc=true&additionalFields=_all&facets=types%2Cresolutions&resolved=false&types=CODE_SMELL&componentUuids=AVmEWcfe-KLmNRwKb4-K HTTP/1.1" 200 533 "http://localhost:9000/component_issues?id=Game1" "Mozilla/5.0 (Macintosh; Intel Mac OS X 10.12; rv:50.0) Gecko/20100101 Firefox/50.0" "AVmEne1gk6nSIXyaAAAd"
