2017.01.09 18:44:53 INFO  ce[][o.s.p.ProcessEntryPoint] Starting ce
2017.01.09 18:44:54 INFO  ce[][o.s.ce.app.CeServer] Compute Engine starting up...
2017.01.09 18:44:54 INFO  ce[][o.e.plugins] [Pluto] modules [], plugins [], sites []
2017.01.09 18:44:59 INFO  ce[][o.s.s.e.EsClientProvider] Connected to local Elasticsearch: [127.0.0.1:9001]
2017.01.09 18:44:59 INFO  ce[][o.sonar.db.Database] Create JDBC data source for jdbc:h2:tcp://localhost:9092/sonar
2017.01.09 18:44:59 WARN  ce[][o.s.d.DatabaseChecker] H2 database should be used for evaluation purpose only
2017.01.09 18:45:00 INFO  ce[][o.s.s.p.ServerFileSystemImpl] SonarQube home: /Users/Casper/Documents/GitHub/GoRoffaGo/sonarqube-6.2
2017.01.09 18:45:01 INFO  ce[][o.s.c.c.CePluginRepository] Load plugins
2017.01.09 18:45:02 INFO  ce[][o.s.s.c.q.PurgeCeActivities] Delete the Compute Engine tasks created before Wed Jul 13 18:45:02 CEST 2016
2017.01.09 18:45:02 INFO  ce[][o.s.ce.app.CeServer] Compute Engine is up
2017.01.09 18:49:54 INFO  ce[AVmEWchj-KLmNRwKb4-L][o.s.s.c.t.CeWorkerCallableImpl] Execute task | project=Game1 | type=REPORT | id=AVmEWchj-KLmNRwKb4-L
2017.01.09 18:49:57 INFO  ce[AVmEWchj-KLmNRwKb4-L][o.s.s.c.t.CeWorkerCallableImpl] Executed task | project=Game1 | type=REPORT | id=AVmEWchj-KLmNRwKb4-L | time=2751ms
2017.01.09 18:52:40 INFO  ce[AVmEXE7U-KLmNRwKb4-N][o.s.s.c.t.CeWorkerCallableImpl] Execute task | project=GoRoffaGo | type=REPORT | id=AVmEXE7U-KLmNRwKb4-N
2017.01.09 18:52:41 INFO  ce[AVmEXE7U-KLmNRwKb4-N][o.s.s.c.t.CeWorkerCallableImpl] Executed task | project=GoRoffaGo | type=REPORT | id=AVmEXE7U-KLmNRwKb4-N | time=1454ms
2017.01.09 19:03:56 INFO  ce[][o.s.p.StopWatcher] Stopping process
2017.01.09 19:03:56 INFO  ce[][o.s.ce.app.CeServer] Compute Engine shutting down...
2017.01.09 19:14:14 INFO  ce[][o.s.p.ProcessEntryPoint] Starting ce
2017.01.09 19:14:14 INFO  ce[][o.s.ce.app.CeServer] Compute Engine starting up...
2017.01.09 19:14:15 INFO  ce[][o.e.plugins] [Doppelganger] modules [], plugins [], sites []
2017.01.09 19:14:20 INFO  ce[][o.s.s.e.EsClientProvider] Connected to local Elasticsearch: [127.0.0.1:9001]
2017.01.09 19:14:20 INFO  ce[][o.sonar.db.Database] Create JDBC data source for jdbc:h2:tcp://localhost:9092/sonar
2017.01.09 19:14:20 WARN  ce[][o.s.d.DatabaseChecker] H2 database should be used for evaluation purpose only
2017.01.09 19:14:21 INFO  ce[][o.s.s.p.ServerFileSystemImpl] SonarQube home: /Users/Casper/Documents/GitHub/GoRoffaGo/sonarqube-6.2
2017.01.09 19:14:21 INFO  ce[][o.s.c.c.CePluginRepository] Load plugins
2017.01.09 19:14:23 INFO  ce[][o.s.s.c.q.PurgeCeActivities] Delete the Compute Engine tasks created before Wed Jul 13 19:14:23 CEST 2016
2017.01.09 19:14:23 INFO  ce[][o.s.ce.app.CeServer] Compute Engine is up
2017.01.09 19:19:08 INFO  ce[AVmEdIYcwBhXleN307Z0][o.s.s.c.t.CeWorkerCallableImpl] Execute task | project=GoRoffaGo | type=REPORT | id=AVmEdIYcwBhXleN307Z0
2017.01.09 19:19:10 INFO  ce[AVmEdIYcwBhXleN307Z0][o.s.s.c.t.CeWorkerCallableImpl] Executed task | project=GoRoffaGo | type=REPORT | id=AVmEdIYcwBhXleN307Z0 | time=2793ms
2017.01.09 19:29:22 INFO  ce[AVmEfewnwBhXleN307Z1][o.s.s.c.t.CeWorkerCallableImpl] Execute task | project=GoRoffaGo | type=REPORT | id=AVmEfewnwBhXleN307Z1
2017.01.09 19:29:24 INFO  ce[AVmEfewnwBhXleN307Z1][o.s.s.c.t.CeWorkerCallableImpl] Executed task | project=GoRoffaGo | type=REPORT | id=AVmEfewnwBhXleN307Z1 | time=1806ms
2017.01.09 19:31:16 INFO  ce[][o.s.p.StopWatcher] Stopping process
2017.01.09 19:31:16 INFO  ce[][o.s.ce.app.CeServer] Compute Engine shutting down...
2017.01.09 20:04:24 INFO  ce[][o.s.p.ProcessEntryPoint] Starting ce
2017.01.09 20:04:24 INFO  ce[][o.s.ce.app.CeServer] Compute Engine starting up...
2017.01.09 20:04:25 INFO  ce[][o.e.plugins] [Skullfire] modules [], plugins [], sites []
2017.01.09 20:04:30 INFO  ce[][o.s.s.e.EsClientProvider] Connected to local Elasticsearch: [127.0.0.1:9001]
2017.01.09 20:04:30 INFO  ce[][o.sonar.db.Database] Create JDBC data source for jdbc:h2:tcp://localhost:9092/sonar
2017.01.09 20:04:30 WARN  ce[][o.s.d.DatabaseChecker] H2 database should be used for evaluation purpose only
2017.01.09 20:04:32 INFO  ce[][o.s.s.p.ServerFileSystemImpl] SonarQube home: /Users/Casper/Documents/GitHub/GoRoffaGo/sonarqube-6.2
2017.01.09 20:04:33 INFO  ce[][o.s.c.c.CePluginRepository] Load plugins
2017.01.09 20:04:34 INFO  ce[][o.s.s.c.q.PurgeCeActivities] Delete the Compute Engine tasks created before Wed Jul 13 20:04:34 CEST 2016
2017.01.09 20:04:34 INFO  ce[][o.s.ce.app.CeServer] Compute Engine is up
2017.01.09 20:04:36 INFO  ce[AVmEni6GKJhbFlD9gaTQ][o.s.s.c.t.CeWorkerCallableImpl] Execute task | project=Game1 | type=REPORT | id=AVmEni6GKJhbFlD9gaTQ
2017.01.09 20:04:39 INFO  ce[AVmEni6GKJhbFlD9gaTQ][o.s.s.c.t.CeWorkerCallableImpl] Executed task | project=Game1 | type=REPORT | id=AVmEni6GKJhbFlD9gaTQ | time=2543ms
2017.01.09 20:19:25 INFO  ce[][o.s.p.StopWatcher] Stopping process
2017.01.09 20:19:25 INFO  ce[][o.s.ce.app.CeServer] Compute Engine shutting down...
