--> Wrapper Started as Daemon
Launching a JVM...
JVM exited while loading the application.
No Java runtime present, requesting install.
JVM Restarts disabled.  Shutting down.
<-- Wrapper Stopped
--> Wrapper Started as Daemon
Launching a JVM...
Wrapper (Version 3.2.3) http://wrapper.tanukisoftware.org
  Copyright 1999-2006 Tanuki Software, Inc.  All Rights Reserved.

2017.01.09 18:43:37 INFO  app[][o.s.a.AppFileSystem] Cleaning or creating temp directory /Users/Casper/Documents/GitHub/GoRoffaGo/sonarqube-6.2/temp
2017.01.09 18:43:38 INFO  app[][o.s.p.m.JavaProcessLauncher] Launch process[es]: /Library/Java/JavaVirtualMachines/jdk1.8.0_112.jdk/Contents/Home/jre/bin/java -Djava.awt.headless=true -Xmx1G -Xms256m -Xss256k -Djna.nosys=true -XX:+UseParNewGC -XX:+UseConcMarkSweepGC -XX:CMSInitiatingOccupancyFraction=75 -XX:+UseCMSInitiatingOccupancyOnly -XX:+HeapDumpOnOutOfMemoryError -Djava.io.tmpdir=/Users/Casper/Documents/GitHub/GoRoffaGo/sonarqube-6.2/temp -javaagent:/Library/Java/JavaVirtualMachines/jdk1.8.0_112.jdk/Contents/Home/jre/lib/management-agent.jar -cp ./lib/common/*:./lib/search/* org.sonar.search.SearchServer /Users/Casper/Documents/GitHub/GoRoffaGo/sonarqube-6.2/temp/sq-process5064834928634857938properties
objc[1536]: Class JavaLaunchHelper is implemented in both /Library/Java/JavaVirtualMachines/jdk1.8.0_112.jdk/Contents/Home/jre/bin/java (0x106e614c0) and /Library/Java/JavaVirtualMachines/jdk1.8.0_112.jdk/Contents/Home/jre/lib/libinstrument.dylib (0x106fe24e0). One of the two will be used. Which one is undefined.
2017.01.09 18:43:55 INFO  app[][o.s.p.m.Monitor] Process[es] is up
2017.01.09 18:43:55 INFO  app[][o.s.p.m.JavaProcessLauncher] Launch process[web]: /Library/Java/JavaVirtualMachines/jdk1.8.0_112.jdk/Contents/Home/jre/bin/java -Djava.awt.headless=true -Dfile.encoding=UTF-8 -Djruby.management.enabled=false -Djruby.compile.invokedynamic=false -Xmx512m -Xms128m -XX:+HeapDumpOnOutOfMemoryError -Djava.io.tmpdir=/Users/Casper/Documents/GitHub/GoRoffaGo/sonarqube-6.2/temp -javaagent:/Library/Java/JavaVirtualMachines/jdk1.8.0_112.jdk/Contents/Home/jre/lib/management-agent.jar -cp ./lib/common/*:./lib/server/*:/Users/Casper/Documents/GitHub/GoRoffaGo/sonarqube-6.2/lib/jdbc/h2/h2-1.3.176.jar org.sonar.server.app.WebServer /Users/Casper/Documents/GitHub/GoRoffaGo/sonarqube-6.2/temp/sq-process2006663253734956285properties
objc[1557]: Class JavaLaunchHelper is implemented in both /Library/Java/JavaVirtualMachines/jdk1.8.0_112.jdk/Contents/Home/jre/bin/java (0x1013524c0) and /Library/Java/JavaVirtualMachines/jdk1.8.0_112.jdk/Contents/Home/jre/lib/libinstrument.dylib (0x102c754e0). One of the two will be used. Which one is undefined.
2017.01.09 18:44:48 INFO  app[][o.s.p.m.Monitor] Process[web] is up
2017.01.09 18:44:48 INFO  app[][o.s.p.m.JavaProcessLauncher] Launch process[ce]: /Library/Java/JavaVirtualMachines/jdk1.8.0_112.jdk/Contents/Home/jre/bin/java -Djava.awt.headless=true -Dfile.encoding=UTF-8 -Xmx512m -Xms128m -XX:+HeapDumpOnOutOfMemoryError -Djava.io.tmpdir=/Users/Casper/Documents/GitHub/GoRoffaGo/sonarqube-6.2/temp -javaagent:/Library/Java/JavaVirtualMachines/jdk1.8.0_112.jdk/Contents/Home/jre/lib/management-agent.jar -cp ./lib/common/*:./lib/server/*:./lib/ce/*:/Users/Casper/Documents/GitHub/GoRoffaGo/sonarqube-6.2/lib/jdbc/h2/h2-1.3.176.jar org.sonar.ce.app.CeServer /Users/Casper/Documents/GitHub/GoRoffaGo/sonarqube-6.2/temp/sq-process3978649194348052971properties
objc[1672]: Class JavaLaunchHelper is implemented in both /Library/Java/JavaVirtualMachines/jdk1.8.0_112.jdk/Contents/Home/jre/bin/java (0x102f664c0) and /Library/Java/JavaVirtualMachines/jdk1.8.0_112.jdk/Contents/Home/jre/lib/libinstrument.dylib (0x1039074e0). One of the two will be used. Which one is undefined.
2017.01.09 18:45:02 INFO  app[][o.s.p.m.Monitor] Process[ce] is up
2017.01.09 18:45:02 INFO  app[][o.s.application.App] SonarQube is up
TERM trapped.  Shutting down.
2017.01.09 19:03:55 INFO  app[][o.s.p.m.Monitor] Process[ce] is stopping
2017.01.09 19:03:57 INFO  app[][o.s.p.m.Monitor] Process[ce] is stopped
2017.01.09 19:03:57 INFO  app[][o.s.p.m.Monitor] Process[web] is stopping
2017.01.09 19:04:10 INFO  app[][o.s.p.m.Monitor] Process[web] is stopped
2017.01.09 19:04:10 INFO  app[][o.s.p.m.Monitor] Process[es] is stopping
2017.01.09 19:04:11 INFO  app[][o.s.p.m.Monitor] Process[es] is stopped
<-- Wrapper Stopped
--> Wrapper Started as Daemon
Launching a JVM...
Wrapper (Version 3.2.3) http://wrapper.tanukisoftware.org
  Copyright 1999-2006 Tanuki Software, Inc.  All Rights Reserved.

2017.01.09 19:13:16 INFO  app[][o.s.a.AppFileSystem] Cleaning or creating temp directory /Users/Casper/Documents/GitHub/GoRoffaGo/sonarqube-6.2/temp
2017.01.09 19:13:16 INFO  app[][o.s.p.m.JavaProcessLauncher] Launch process[es]: /Library/Java/JavaVirtualMachines/jdk1.8.0_112.jdk/Contents/Home/jre/bin/java -Djava.awt.headless=true -Xmx1G -Xms256m -Xss256k -Djna.nosys=true -XX:+UseParNewGC -XX:+UseConcMarkSweepGC -XX:CMSInitiatingOccupancyFraction=75 -XX:+UseCMSInitiatingOccupancyOnly -XX:+HeapDumpOnOutOfMemoryError -Djava.io.tmpdir=/Users/Casper/Documents/GitHub/GoRoffaGo/sonarqube-6.2/temp -javaagent:/Library/Java/JavaVirtualMachines/jdk1.8.0_112.jdk/Contents/Home/jre/lib/management-agent.jar -cp ./lib/common/*:./lib/search/* org.sonar.search.SearchServer /Users/Casper/Documents/GitHub/GoRoffaGo/sonarqube-6.2/temp/sq-process2609539819449291326properties
objc[2299]: Class JavaLaunchHelper is implemented in both /Library/Java/JavaVirtualMachines/jdk1.8.0_112.jdk/Contents/Home/jre/bin/java (0x103a394c0) and /Library/Java/JavaVirtualMachines/jdk1.8.0_112.jdk/Contents/Home/jre/lib/libinstrument.dylib (0x103bba4e0). One of the two will be used. Which one is undefined.
2017.01.09 19:13:33 INFO  app[][o.s.p.m.Monitor] Process[es] is up
2017.01.09 19:13:33 INFO  app[][o.s.p.m.JavaProcessLauncher] Launch process[web]: /Library/Java/JavaVirtualMachines/jdk1.8.0_112.jdk/Contents/Home/jre/bin/java -Djava.awt.headless=true -Dfile.encoding=UTF-8 -Djruby.management.enabled=false -Djruby.compile.invokedynamic=false -Xmx512m -Xms128m -XX:+HeapDumpOnOutOfMemoryError -Djava.io.tmpdir=/Users/Casper/Documents/GitHub/GoRoffaGo/sonarqube-6.2/temp -javaagent:/Library/Java/JavaVirtualMachines/jdk1.8.0_112.jdk/Contents/Home/jre/lib/management-agent.jar -cp ./lib/common/*:./lib/server/*:/Users/Casper/Documents/GitHub/GoRoffaGo/sonarqube-6.2/lib/jdbc/h2/h2-1.3.176.jar org.sonar.server.app.WebServer /Users/Casper/Documents/GitHub/GoRoffaGo/sonarqube-6.2/temp/sq-process6707618014270433840properties
objc[2301]: Class JavaLaunchHelper is implemented in both /Library/Java/JavaVirtualMachines/jdk1.8.0_112.jdk/Contents/Home/jre/bin/java (0x1095034c0) and /Library/Java/JavaVirtualMachines/jdk1.8.0_112.jdk/Contents/Home/jre/lib/libinstrument.dylib (0x1095cb4e0). One of the two will be used. Which one is undefined.
2017.01.09 19:14:09 INFO  app[][o.s.p.m.Monitor] Process[web] is up
2017.01.09 19:14:09 INFO  app[][o.s.p.m.JavaProcessLauncher] Launch process[ce]: /Library/Java/JavaVirtualMachines/jdk1.8.0_112.jdk/Contents/Home/jre/bin/java -Djava.awt.headless=true -Dfile.encoding=UTF-8 -Xmx512m -Xms128m -XX:+HeapDumpOnOutOfMemoryError -Djava.io.tmpdir=/Users/Casper/Documents/GitHub/GoRoffaGo/sonarqube-6.2/temp -javaagent:/Library/Java/JavaVirtualMachines/jdk1.8.0_112.jdk/Contents/Home/jre/lib/management-agent.jar -cp ./lib/common/*:./lib/server/*:./lib/ce/*:/Users/Casper/Documents/GitHub/GoRoffaGo/sonarqube-6.2/lib/jdbc/h2/h2-1.3.176.jar org.sonar.ce.app.CeServer /Users/Casper/Documents/GitHub/GoRoffaGo/sonarqube-6.2/temp/sq-process960856838546790244properties
objc[2303]: Class JavaLaunchHelper is implemented in both /Library/Java/JavaVirtualMachines/jdk1.8.0_112.jdk/Contents/Home/jre/bin/java (0x10edd64c0) and /Library/Java/JavaVirtualMachines/jdk1.8.0_112.jdk/Contents/Home/jre/lib/libinstrument.dylib (0x10fef94e0). One of the two will be used. Which one is undefined.
2017.01.09 19:14:23 INFO  app[][o.s.p.m.Monitor] Process[ce] is up
2017.01.09 19:14:23 INFO  app[][o.s.application.App] SonarQube is up
TERM trapped.  Shutting down.
2017.01.09 19:31:16 INFO  app[][o.s.p.m.Monitor] Process[ce] is stopping
2017.01.09 19:31:17 INFO  app[][o.s.p.m.Monitor] Process[ce] is stopped
2017.01.09 19:31:17 INFO  app[][o.s.p.m.Monitor] Process[web] is stopping
2017.01.09 19:31:30 INFO  app[][o.s.p.m.Monitor] Process[web] is stopped
2017.01.09 19:31:30 INFO  app[][o.s.p.m.Monitor] Process[es] is stopping
2017.01.09 19:31:31 INFO  app[][o.s.p.m.Monitor] Process[es] is stopped
<-- Wrapper Stopped
--> Wrapper Started as Daemon
Launching a JVM...
Wrapper (Version 3.2.3) http://wrapper.tanukisoftware.org
  Copyright 1999-2006 Tanuki Software, Inc.  All Rights Reserved.

2017.01.09 20:03:25 INFO  app[][o.s.a.AppFileSystem] Cleaning or creating temp directory /Users/Casper/Documents/GitHub/GoRoffaGo/sonarqube-6.2/temp
2017.01.09 20:03:25 INFO  app[][o.s.p.m.JavaProcessLauncher] Launch process[es]: /Library/Java/JavaVirtualMachines/jdk1.8.0_112.jdk/Contents/Home/jre/bin/java -Djava.awt.headless=true -Xmx1G -Xms256m -Xss256k -Djna.nosys=true -XX:+UseParNewGC -XX:+UseConcMarkSweepGC -XX:CMSInitiatingOccupancyFraction=75 -XX:+UseCMSInitiatingOccupancyOnly -XX:+HeapDumpOnOutOfMemoryError -Djava.io.tmpdir=/Users/Casper/Documents/GitHub/GoRoffaGo/sonarqube-6.2/temp -javaagent:/Library/Java/JavaVirtualMachines/jdk1.8.0_112.jdk/Contents/Home/jre/lib/management-agent.jar -cp ./lib/common/*:./lib/search/* org.sonar.search.SearchServer /Users/Casper/Documents/GitHub/GoRoffaGo/sonarqube-6.2/temp/sq-process6425247945900485187properties
objc[2918]: Class JavaLaunchHelper is implemented in both /Library/Java/JavaVirtualMachines/jdk1.8.0_112.jdk/Contents/Home/jre/bin/java (0x10900f4c0) and /Library/Java/JavaVirtualMachines/jdk1.8.0_112.jdk/Contents/Home/jre/lib/libinstrument.dylib (0x1091904e0). One of the two will be used. Which one is undefined.
2017.01.09 20:03:42 INFO  app[][o.s.p.m.Monitor] Process[es] is up
2017.01.09 20:03:42 INFO  app[][o.s.p.m.JavaProcessLauncher] Launch process[web]: /Library/Java/JavaVirtualMachines/jdk1.8.0_112.jdk/Contents/Home/jre/bin/java -Djava.awt.headless=true -Dfile.encoding=UTF-8 -Djruby.management.enabled=false -Djruby.compile.invokedynamic=false -Xmx512m -Xms128m -XX:+HeapDumpOnOutOfMemoryError -Djava.io.tmpdir=/Users/Casper/Documents/GitHub/GoRoffaGo/sonarqube-6.2/temp -javaagent:/Library/Java/JavaVirtualMachines/jdk1.8.0_112.jdk/Contents/Home/jre/lib/management-agent.jar -cp ./lib/common/*:./lib/server/*:/Users/Casper/Documents/GitHub/GoRoffaGo/sonarqube-6.2/lib/jdbc/h2/h2-1.3.176.jar org.sonar.server.app.WebServer /Users/Casper/Documents/GitHub/GoRoffaGo/sonarqube-6.2/temp/sq-process8639296599243942286properties
objc[2921]: Class JavaLaunchHelper is implemented in both /Library/Java/JavaVirtualMachines/jdk1.8.0_112.jdk/Contents/Home/jre/bin/java (0x10328d4c0) and /Library/Java/JavaVirtualMachines/jdk1.8.0_112.jdk/Contents/Home/jre/lib/libinstrument.dylib (0x104bbb4e0). One of the two will be used. Which one is undefined.
2017.01.09 20:04:19 INFO  app[][o.s.p.m.Monitor] Process[web] is up
2017.01.09 20:04:19 INFO  app[][o.s.p.m.JavaProcessLauncher] Launch process[ce]: /Library/Java/JavaVirtualMachines/jdk1.8.0_112.jdk/Contents/Home/jre/bin/java -Djava.awt.headless=true -Dfile.encoding=UTF-8 -Xmx512m -Xms128m -XX:+HeapDumpOnOutOfMemoryError -Djava.io.tmpdir=/Users/Casper/Documents/GitHub/GoRoffaGo/sonarqube-6.2/temp -javaagent:/Library/Java/JavaVirtualMachines/jdk1.8.0_112.jdk/Contents/Home/jre/lib/management-agent.jar -cp ./lib/common/*:./lib/server/*:./lib/ce/*:/Users/Casper/Documents/GitHub/GoRoffaGo/sonarqube-6.2/lib/jdbc/h2/h2-1.3.176.jar org.sonar.ce.app.CeServer /Users/Casper/Documents/GitHub/GoRoffaGo/sonarqube-6.2/temp/sq-process5259487855634025705properties
objc[2944]: Class JavaLaunchHelper is implemented in both /Library/Java/JavaVirtualMachines/jdk1.8.0_112.jdk/Contents/Home/jre/bin/java (0x10e5ac4c0) and /Library/Java/JavaVirtualMachines/jdk1.8.0_112.jdk/Contents/Home/jre/lib/libinstrument.dylib (0x10e72d4e0). One of the two will be used. Which one is undefined.
2017.01.09 20:04:34 INFO  app[][o.s.p.m.Monitor] Process[ce] is up
2017.01.09 20:04:34 INFO  app[][o.s.application.App] SonarQube is up
TERM trapped.  Shutting down.
2017.01.09 20:19:25 INFO  app[][o.s.p.m.Monitor] Process[ce] is stopping
2017.01.09 20:19:27 INFO  app[][o.s.p.m.Monitor] Process[ce] is stopped
2017.01.09 20:19:27 INFO  app[][o.s.p.m.Monitor] Process[web] is stopping
2017.01.09 20:19:39 INFO  app[][o.s.p.m.Monitor] Process[web] is stopped
2017.01.09 20:19:39 INFO  app[][o.s.p.m.Monitor] Process[es] is stopping
2017.01.09 20:19:40 INFO  app[][o.s.p.m.Monitor] Process[es] is stopped
<-- Wrapper Stopped
